Task A arrived at 0
Task A finished at 3
Task B arrived at 7
Task C arrived at 10
Task D arrived at 10
Task D blocked at 13
Task C blocked at 14
Task B blocked at 15
Task B unblocked at 18
Task C unblocked at 18
Task E arrived at 20
Task E finished at 21
Task C blocked at 22
Task B blocked at 24
Task D unblocked at 28
Task D blocked at 29
Task C blocked at 32
Task B blocked at 33
Task F arrived at 33
Task F blocked at 37
Task C unblocked at 38
Task C blocked at 42
Task G arrived at 42
Task F unblocked at 44
Task H arrived at 45
Task D unblocked at 46
Task D blocked at 50
Task H blocked at 53
Task C unblocked at 53
Task C blocked at 55
Task H unblocked at 57
Task I arrived at 58
Task J arrived at 58
Task J blocked at 61
Task C unblocked at 62
Task C finished at 64
Task J unblocked at 64
Task J blocked at 66
Task I blocked at 67
Task K arrived at 68
Task K blocked at 69
Task D unblocked at 69
Task D finished at 72
Task H blocked at 74
Task F blocked at 75
Task L arrived at 76
Task L blocked at 77
Task G blocked at 78
Task J unblocked at 78
Task G unblocked at 81
Task M arrived at 81
Task K unblocked at 83
Task F unblocked at 84
Task F blocked at 87
Task K finished at 90
Task I unblocked at 91
Task N arrived at 92
Task N blocked at 94
Task I blocked at 95
Task M blocked at 96
Task H unblocked at 97
Task I unblocked at 97
Task L unblocked at 98
Task M unblocked at 99
Task M blocked at 100
Task L blocked at 101
Task F unblocked at 102
Task O arrived at 103
Task O blocked at 104
Task F blocked at 105
Task I blocked at 106
Task H blocked at 108
Task L unblocked at 108
Task P arrived at 110
Task N unblocked at 111
Task M unblocked at 113
Task F unblocked at 114
Task Q arrived at 114
Task I unblocked at 115
Task R arrived at 116
Task R finished at 117
Task O unblocked at 117
Task S arrived at 119
Task S finished at 122
Task O blocked at 124
Task H unblocked at 124
Task H blocked at 126
Task T arrived at 127
Task O unblocked at 129
Task U arrived at 132
Task H unblocked at 134
Task H blocked at 135
Task U blocked at 136
Task O blocked at 137
Task T blocked at 139
Task V arrived at 139
Task V blocked at 142
Task I blocked at 143
Task U unblocked at 145
Task U blocked at 146
Task I unblocked at 146
Task I blocked at 149
Task O unblocked at 149
Task T unblocked at 149
Task T blocked at 150
Task U unblocked at 152
Task W arrived at 152
Task H unblocked at 153
Task H blocked at 154
Task V unblocked at 156
Task V blocked at 157
Task W blocked at 158
Task X arrived at 159
Task W unblocked at 161
Task W finished at 162
Task X blocked at 164
Task U blocked at 165
Task H unblocked at 165
Task X unblocked at 165
Task X finished at 167
Task H blocked at 169
Task T unblocked at 169
Task I unblocked at 170
Task U unblocked at 171
Task Y arrived at 171
Task Y blocked at 175
Task U blocked at 179
Task I blocked at 180
Task V unblocked at 180
Task V blocked at 183
Task H unblocked at 183
Task Z arrived at 183
Task U unblocked at 185
Task U blocked at 186
Task Z blocked at 187
Task V unblocked at 187
Task Y unblocked at 187
Task Y blocked at 188
Task U unblocked at 191
Task Z unblocked at 193
Task Z blocked at 196
Task I unblocked at 196
Task I blocked at 198
Task U blocked at 200
Task V blocked at 201
Task H blocked at 203
Task H unblocked at 204
Task I unblocked at 205
Task I blocked at 206
Task H finished at 208
Task I unblocked at 209
Task Y unblocked at 210
Task Y finished at 211
Task I finished at 212
Task T blocked at 213
Task U unblocked at 213
Task Z unblocked at 213
Task Z blocked at 216
Task U blocked at 219
Task T unblocked at 220
Task U unblocked at 220
Task U blocked at 222
Task V unblocked at 223
Task Z unblocked at 223
Task Z blocked at 225
Task V blocked at 226
Task T blocked at 228
Task O blocked at 229
Task Q blocked at 230
Task F blocked at 234
Task U unblocked at 234
Task V unblocked at 237
Task V blocked at 238
Task U finished at 239
Task M blocked at 240
Task O unblocked at 241
Task O blocked at 242
Task N blocked at 243
Task T unblocked at 243
Task F unblocked at 244
Task Z unblocked at 247
Task Z blocked at 251
Task F blocked at 252
Task M unblocked at 252
Task Q unblocked at 252
Task Z unblocked at 254
Task Z blocked at 255
Task Q blocked at 256
Task M blocked at 257
Task T blocked at 260
Task N unblocked at 261
Task V unblocked at 261
Task V finished at 262
Task N blocked at 263
Task P blocked at 265
Task M unblocked at 265
Task F unblocked at 267
Task O unblocked at 267
Task O blocked at 270
Task F finished at 271
Task T unblocked at 271
Task T blocked at 273
Task Z unblocked at 273
Task P unblocked at 274
Task P blocked at 275
Task Z blocked at 276
Task M blocked at 277
Task T unblocked at 278
Task T blocked at 279
Task L blocked at 280
Task N unblocked at 280
Task N blocked at 282
Task O unblocked at 282
Task O blocked at 283
Task Q unblocked at 283
Task P unblocked at 284
Task Z unblocked at 285
Task Z blocked at 287
Task M unblocked at 287
Task T unblocked at 287
Task T blocked at 291
Task M blocked at 292
Task N unblocked at 294
Task N blocked at 295
Task P blocked at 296
Task Z unblocked at 296
Task L unblocked at 299
Task P unblocked at 299
Task P blocked at 303
Task O unblocked at 303
Task O finished at 304
Task N unblocked at 304
Task N blocked at 305
Task T unblocked at 305
Task M unblocked at 306
Task M blocked at 307
Task P unblocked at 309
Task P blocked at 313
Task T finished at 314
Task L blocked at 315
Task Z finished at 316
Task Q finished at 319
Task M unblocked at 319
Task N unblocked at 320
Task N blocked at 322
Task P unblocked at 324
Task P finished at 326
Task M blocked at 327
Task G blocked at 330
Task J blocked at 331
Task M unblocked at 331
Task M finished at 332
Task B blocked at 333
Task L unblocked at 333
Task J unblocked at 336
Task J blocked at 338
Task N unblocked at 338
Task N finished at 340
Task L blocked at 341
Task J unblocked at 341
Task J blocked at 345
Task G unblocked at 345
Task G blocked at 349
Task L unblocked at 349
Task L blocked at 353
Task B unblocked at 355
Task B blocked at 356
Task G unblocked at 358
Task J unblocked at 358
Task J finished at 361
Task L unblocked at 361
Task B unblocked at 364
Task B blocked at 368
Task L finished at 369
Task G blocked at 371
Task G unblocked at 385
Task G finished at 387
Task B unblocked at 396
Task B finished at 397
Task A: priority=3, start=0, finish=3, deadline=3, runtime=3, blocktime=0, switches=1, bursts=1
Task B: priority=0, start=7, finish=397, deadline=133, runtime=14, blocktime=78, switches=14, bursts=6
Task C: priority=3, start=10, finish=64, deadline=71, runtime=15, blocktime=35, switches=12, bursts=6
Task D: priority=2, start=10, finish=72, deadline=84, runtime=11, blocktime=51, switches=7, bursts=4
Task E: priority=1, start=20, finish=21, deadline=21, runtime=1, blocktime=0, switches=1, bursts=1
Task F: priority=2, start=33, finish=271, deadline=137, runtime=22, blocktime=65, switches=17, bursts=7
Task G: priority=2, start=42, finish=387, deadline=110, runtime=16, blocktime=41, switches=12, bursts=5
Task H: priority=1, start=45, finish=208, deadline=184, runtime=21, blocktime=95, switches=21, bursts=9
Task I: priority=1, start=58, finish=212, deadline=184, runtime=20, blocktime=85, switches=25, bursts=9
Task J: priority=3, start=58, finish=361, deadline=122, runtime=18, blocktime=36, switches=12, bursts=6
Task K: priority=3, start=68, finish=90, deadline=90, runtime=5, blocktime=14, switches=4, bursts=2
Task L: priority=0, start=76, finish=369, deadline=197, runtime=20, blocktime=81, switches=18, bursts=7
Task M: priority=3, start=81, finish=332, deadline=193, runtime=18, blocktime=76, switches=23, bursts=9
Task N: priority=2, start=92, finish=340, deadline=234, runtime=15, blocktime=104, switches=17, bursts=8
Task O: priority=0, start=103, finish=304, deadline=244, runtime=19, blocktime=99, switches=19, bursts=8
Task P: priority=3, start=110, finish=326, deadline=178, runtime=19, blocktime=38, switches=15, bursts=6
Task Q: priority=0, start=114, finish=319, deadline=186, runtime=11, blocktime=49, switches=9, bursts=3
Task R: priority=0, start=116, finish=117, deadline=117, runtime=1, blocktime=0, switches=1, bursts=1
Task S: priority=3, start=119, finish=122, deadline=122, runtime=3, blocktime=0, switches=1, bursts=1
Task T: priority=2, start=127, finish=314, deadline=266, runtime=27, blocktime=89, switches=25, bursts=9
Task U: priority=3, start=132, finish=239, deadline=230, runtime=24, blocktime=58, switches=21, bursts=9
Task V: priority=1, start=139, finish=262, deadline=272, runtime=14, blocktime=97, switches=14, bursts=7
Task W: priority=3, start=152, finish=162, deadline=161, runtime=5, blocktime=3, switches=5, bursts=2
Task X: priority=0, start=159, finish=167, deadline=167, runtime=6, blocktime=1, switches=4, bursts=2
Task Y: priority=1, start=171, finish=211, deadline=219, runtime=6, blocktime=34, switches=5, bursts=3
Task Z: priority=1, start=183, finish=316, deadline=321, runtime=52, blocktime=91, switches=25, bursts=9
