0:	| -1	| -1	| -1	| -1	| -1	| -1	| -1	| -1	|: page requested: 7 :  miss
1:	| 7	| -1	| -1	| -1	| -1	| -1	| -1	| -1	|: page requested: 21 :  miss
2:	| 21	| -1	| -1	| -1	| -1	| -1	| -1	| -1	|: page requested: 13 :  miss
3:	| 13	| -1	| -1	| -1	| -1	| -1	| -1	| -1	|: page requested: 27 :  miss
4:	| 27	| -1	| -1	| -1	| -1	| -1	| -1	| -1	|: page requested: 1 :  miss
5:	| 1	| -1	| -1	| -1	| -1	| -1	| -1	| -1	|: page requested: 13 :  miss
6:	| 13	| -1	| -1	| -1	| -1	| -1	| -1	| -1	|: page requested: 13 :  hit
7:	| 13	| -1	| -1	| -1	| -1	| -1	| -1	| -1	|: page requested: 1 :  miss
8:	| 1	| -1	| -1	| -1	| -1	| -1	| -1	| -1	|: page requested: 25 :  miss
9:	| 25	| -1	| -1	| -1	| -1	| -1	| -1	| -1	|: page requested: 1 :  miss
10:	| 1	| -1	| -1	| -1	| -1	| -1	| -1	| -1	|: page requested: 13 :  miss
11:	| 13	| -1	| -1	| -1	| -1	| -1	| -1	| -1	|: page requested: 25 :  miss
12:	| 25	| -1	| -1	| -1	| -1	| -1	| -1	| -1	|: page requested: 13 :  miss
13:	| 13	| -1	| -1	| -1	| -1	| -1	| -1	| -1	|: page requested: 12 :  miss
14:	| 12	| -1	| -1	| -1	| -1	| -1	| -1	| -1	|: page requested: 13 :  miss
15:	| 13	| -1	| -1	| -1	| -1	| -1	| -1	| -1	|: page requested: 13 :  hit
16:	| 13	| -1	| -1	| -1	| -1	| -1	| -1	| -1	|: page requested: 1 :  miss
17:	| 1	| -1	| -1	| -1	| -1	| -1	| -1	| -1	|: page requested: 13 :  miss
18:	| 13	| -1	| -1	| -1	| -1	| -1	| -1	| -1	|: page requested: 13 :  hit
19:	| 13	| -1	| -1	| -1	| -1	| -1	| -1	| -1	|: page requested: 1 :  miss
20:	| 1	| -1	| -1	| -1	| -1	| -1	| -1	| -1	|: page requested: 1 :  hit
21:	| 1	| -1	| -1	| -1	| -1	| -1	| -1	| -1	|: page requested: 1 :  hit
22:	| 1	| -1	| -1	| -1	| -1	| -1	| -1	| -1	|: page requested: 28 :  miss
23:	| 28	| -1	| -1	| -1	| -1	| -1	| -1	| -1	|: page requested: 1 :  miss
24:	| 1	| -1	| -1	| -1	| -1	| -1	| -1	| -1	|: page requested: 28 :  miss
25:	| 28	| -1	| -1	| -1	| -1	| -1	| -1	| -1	|: page requested: 1 :  miss
26:	| 1	| -1	| -1	| -1	| -1	| -1	| -1	| -1	|: page requested: 1 :  hit
27:	| 1	| -1	| -1	| -1	| -1	| -1	| -1	| -1	|: page requested: 1 :  hit
28:	| 1	| -1	| -1	| -1	| -1	| -1	| -1	| -1	|: page requested: 1 :  hit
29:	| 1	| -1	| -1	| -1	| -1	| -1	| -1	| -1	|: page requested: 1 :  hit
30:	| 1	| -1	| -1	| -1	| -1	| -1	| -1	| -1	|: page requested: 1 :  hit
31:	| 1	| -1	| -1	| -1	| -1	| -1	| -1	| -1	|: page requested: 1 :  hit
32:	| 1	| -1	| -1	| -1	| -1	| -1	| -1	| -1	|: page requested: 1 :  hit
33:	| 1	| -1	| -1	| -1	| -1	| -1	| -1	| -1	|: page requested: 1 :  hit
34:	| 1	| -1	| -1	| -1	| -1	| -1	| -1	| -1	|: page requested: 0 :  miss
35:	| 0	| -1	| -1	| -1	| -1	| -1	| -1	| -1	|: page requested: 0 :  hit
36:	| 0	| -1	| -1	| -1	| -1	| -1	| -1	| -1	|: page requested: 1 :  miss
37:	| 1	| -1	| -1	| -1	| -1	| -1	| -1	| -1	|: page requested: 1 :  hit
38:	| 1	| -1	| -1	| -1	| -1	| -1	| -1	| -1	|: page requested: 1 :  hit
39:	| 1	| -1	| -1	| -1	| -1	| -1	| -1	| -1	|: page requested: 1 :  hit
40:	| 1	| -1	| -1	| -1	| -1	| -1	| -1	| -1	|: page requested: 0 :  miss
41:	| 0	| -1	| -1	| -1	| -1	| -1	| -1	| -1	|: page requested: 1 :  miss
42:	| 1	| -1	| -1	| -1	| -1	| -1	| -1	| -1	|: page requested: 1 :  hit
43:	| 1	| -1	| -1	| -1	| -1	| -1	| -1	| -1	|: page requested: 1 :  hit
44:	| 1	| -1	| -1	| -1	| -1	| -1	| -1	| -1	|: page requested: 1 :  hit
45:	| 1	| -1	| -1	| -1	| -1	| -1	| -1	| -1	|: page requested: 1 :  hit
46:	| 1	| -1	| -1	| -1	| -1	| -1	| -1	| -1	|: page requested: 1 :  hit
47:	| 1	| -1	| -1	| -1	| -1	| -1	| -1	| -1	|: page requested: 1 :  hit
48:	| 1	| -1	| -1	| -1	| -1	| -1	| -1	| -1	|: page requested: 1 :  hit
49:	| 1	| -1	| -1	| -1	| -1	| -1	| -1	| -1	|: page requested: 1 :  hit
50:	| 1	| -1	| -1	| -1	| -1	| -1	| -1	| -1	|: page requested: 9 :  miss
51:	| 9	| -1	| -1	| -1	| -1	| -1	| -1	| -1	|: page requested: 1 :  miss
52:	| 1	| -1	| -1	| -1	| -1	| -1	| -1	| -1	|: page requested: 1 :  hit
53:	| 1	| -1	| -1	| -1	| -1	| -1	| -1	| -1	|: page requested: 27 :  miss
54:	| 27	| -1	| -1	| -1	| -1	| -1	| -1	| -1	|: page requested: 25 :  miss
55:	| 25	| -1	| -1	| -1	| -1	| -1	| -1	| -1	|: page requested: 27 :  miss
56:	| 27	| -1	| -1	| -1	| -1	| -1	| -1	| -1	|: page requested: 27 :  hit
57:	| 27	| -1	| -1	| -1	| -1	| -1	| -1	| -1	|: page requested: 19 :  miss
58:	| 19	| -1	| -1	| -1	| -1	| -1	| -1	| -1	|: page requested: 7 :  miss
59:	| 7	| -1	| -1	| -1	| -1	| -1	| -1	| -1	|: page requested: 27 :  miss
60:	| 27	| -1	| -1	| -1	| -1	| -1	| -1	| -1	|: page requested: 27 :  hit
61:	| 27	| -1	| -1	| -1	| -1	| -1	| -1	| -1	|: page requested: 17 :  miss
62:	| 17	| -1	| -1	| -1	| -1	| -1	| -1	| -1	|: page requested: 7 :  miss
63:	| 7	| -1	| -1	| -1	| -1	| -1	| -1	| -1	|: page requested: 27 :  miss
64:	| 27	| -1	| -1	| -1	| -1	| -1	| -1	| -1	|: page requested: 27 :  hit
65:	| 27	| -1	| -1	| -1	| -1	| -1	| -1	| -1	|: page requested: 27 :  hit
66:	| 27	| -1	| -1	| -1	| -1	| -1	| -1	| -1	|: page requested: 27 :  hit
67:	| 27	| -1	| -1	| -1	| -1	| -1	| -1	| -1	|: page requested: 27 :  hit
68:	| 27	| -1	| -1	| -1	| -1	| -1	| -1	| -1	|: page requested: 27 :  hit
69:	| 27	| -1	| -1	| -1	| -1	| -1	| -1	| -1	|: page requested: 27 :  hit
70:	| 27	| -1	| -1	| -1	| -1	| -1	| -1	| -1	|: page requested: 27 :  hit
71:	| 27	| -1	| -1	| -1	| -1	| -1	| -1	| -1	|: page requested: 27 :  hit
72:	| 27	| -1	| -1	| -1	| -1	| -1	| -1	| -1	|: page requested: 3 :  miss
73:	| 3	| -1	| -1	| -1	| -1	| -1	| -1	| -1	|: page requested: 27 :  miss
74:	| 27	| -1	| -1	| -1	| -1	| -1	| -1	| -1	|: page requested: 28 :  miss
75:	| 28	| -1	| -1	| -1	| -1	| -1	| -1	| -1	|: page requested: 26 :  miss
76:	| 26	| -1	| -1	| -1	| -1	| -1	| -1	| -1	|: page requested: 27 :  miss
77:	| 27	| -1	| -1	| -1	| -1	| -1	| -1	| -1	|: page requested: 28 :  miss
78:	| 28	| -1	| -1	| -1	| -1	| -1	| -1	| -1	|: page requested: 28 :  hit
79:	| 28	| -1	| -1	| -1	| -1	| -1	| -1	| -1	|: page requested: 8 :  miss
80:	| 8	| -1	| -1	| -1	| -1	| -1	| -1	| -1	|: page requested: 28 :  miss
81:	| 28	| -1	| -1	| -1	| -1	| -1	| -1	| -1	|: page requested: 10 :  miss
82:	| 10	| -1	| -1	| -1	| -1	| -1	| -1	| -1	|: page requested: 8 :  miss
83:	| 8	| -1	| -1	| -1	| -1	| -1	| -1	| -1	|: page requested: 28 :  miss
84:	| 28	| -1	| -1	| -1	| -1	| -1	| -1	| -1	|: page requested: 8 :  miss
85:	| 8	| -1	| -1	| -1	| -1	| -1	| -1	| -1	|: page requested: 16 :  miss
86:	| 16	| -1	| -1	| -1	| -1	| -1	| -1	| -1	|: page requested: 4 :  miss
87:	| 4	| -1	| -1	| -1	| -1	| -1	| -1	| -1	|: page requested: 16 :  miss
88:	| 16	| -1	| -1	| -1	| -1	| -1	| -1	| -1	|: page requested: 11 :  miss
89:	| 11	| -1	| -1	| -1	| -1	| -1	| -1	| -1	|: page requested: 16 :  miss
90:	| 16	| -1	| -1	| -1	| -1	| -1	| -1	| -1	|: page requested: 16 :  hit
91:	| 16	| -1	| -1	| -1	| -1	| -1	| -1	| -1	|: page requested: 11 :  miss
92:	| 11	| -1	| -1	| -1	| -1	| -1	| -1	| -1	|: page requested: 11 :  hit
93:	| 11	| -1	| -1	| -1	| -1	| -1	| -1	| -1	|: page requested: 11 :  hit
94:	| 11	| -1	| -1	| -1	| -1	| -1	| -1	| -1	|: page requested: 11 :  hit
95:	| 11	| -1	| -1	| -1	| -1	| -1	| -1	| -1	|: page requested: 11 :  hit
96:	| 11	| -1	| -1	| -1	| -1	| -1	| -1	| -1	|: page requested: 11 :  hit
97:	| 11	| -1	| -1	| -1	| -1	| -1	| -1	| -1	|: page requested: 11 :  hit
98:	| 11	| -1	| -1	| -1	| -1	| -1	| -1	| -1	|: page requested: 11 :  hit
99:	| 11	| -1	| -1	| -1	| -1	| -1	| -1	| -1	|: page requested: 11 :  hit
100:	| 11	| -1	| -1	| -1	| -1	| -1	| -1	| -1	|: page requested: 11 :  hit
101:	| 11	| -1	| -1	| -1	| -1	| -1	| -1	| -1	|: page requested: 11 :  hit
102:	| 11	| -1	| -1	| -1	| -1	| -1	| -1	| -1	|: page requested: 11 :  hit
103:	| 11	| -1	| -1	| -1	| -1	| -1	| -1	| -1	|: page requested: 1 :  miss
104:	| 1	| -1	| -1	| -1	| -1	| -1	| -1	| -1	|: page requested: 1 :  hit
105:	| 1	| -1	| -1	| -1	| -1	| -1	| -1	| -1	|: page requested: 11 :  miss
106:	| 11	| -1	| -1	| -1	| -1	| -1	| -1	| -1	|: page requested: 1 :  miss
107:	| 1	| -1	| -1	| -1	| -1	| -1	| -1	| -1	|: page requested: 11 :  miss
108:	| 11	| -1	| -1	| -1	| -1	| -1	| -1	| -1	|: page requested: 1 :  miss
109:	| 1	| -1	| -1	| -1	| -1	| -1	| -1	| -1	|: page requested: 11 :  miss
110:	| 11	| -1	| -1	| -1	| -1	| -1	| -1	| -1	|: page requested: 11 :  hit
111:	| 11	| -1	| -1	| -1	| -1	| -1	| -1	| -1	|: page requested: 1 :  miss
112:	| 1	| -1	| -1	| -1	| -1	| -1	| -1	| -1	|: page requested: 11 :  miss
113:	| 11	| -1	| -1	| -1	| -1	| -1	| -1	| -1	|: page requested: 1 :  miss
114:	| 1	| -1	| -1	| -1	| -1	| -1	| -1	| -1	|: page requested: 11 :  miss
115:	| 11	| -1	| -1	| -1	| -1	| -1	| -1	| -1	|: page requested: 1 :  miss
116:	| 1	| -1	| -1	| -1	| -1	| -1	| -1	| -1	|: page requested: 12 :  miss
117:	| 12	| -1	| -1	| -1	| -1	| -1	| -1	| -1	|: page requested: 11 :  miss
118:	| 11	| -1	| -1	| -1	| -1	| -1	| -1	| -1	|: page requested: 11 :  hit
119:	| 11	| -1	| -1	| -1	| -1	| -1	| -1	| -1	|: page requested: 12 :  miss
120:	| 12	| -1	| -1	| -1	| -1	| -1	| -1	| -1	|: page requested: 12 :  hit
121:	| 12	| -1	| -1	| -1	| -1	| -1	| -1	| -1	|: page requested: 11 :  miss
122:	| 11	| -1	| -1	| -1	| -1	| -1	| -1	| -1	|: page requested: 11 :  hit
123:	| 11	| -1	| -1	| -1	| -1	| -1	| -1	| -1	|: page requested: 11 :  hit
124:	| 11	| -1	| -1	| -1	| -1	| -1	| -1	| -1	|: page requested: 7 :  miss
125:	| 7	| -1	| -1	| -1	| -1	| -1	| -1	| -1	|: page requested: 12 :  miss
126:	| 12	| -1	| -1	| -1	| -1	| -1	| -1	| -1	|: page requested: 25 :  miss
127:	| 25	| -1	| -1	| -1	| -1	| -1	| -1	| -1	|: page requested: 11 :  miss
128:	| 11	| -1	| -1	| -1	| -1	| -1	| -1	| -1	|: page requested: 11 :  hit
129:	| 11	| -1	| -1	| -1	| -1	| -1	| -1	| -1	|: page requested: 25 :  miss
130:	| 25	| -1	| -1	| -1	| -1	| -1	| -1	| -1	|: page requested: 11 :  miss
131:	| 11	| -1	| -1	| -1	| -1	| -1	| -1	| -1	|: page requested: 25 :  miss
132:	| 25	| -1	| -1	| -1	| -1	| -1	| -1	| -1	|: page requested: 11 :  miss
133:	| 11	| -1	| -1	| -1	| -1	| -1	| -1	| -1	|: page requested: 25 :  miss
134:	| 25	| -1	| -1	| -1	| -1	| -1	| -1	| -1	|: page requested: 11 :  miss
135:	| 11	| -1	| -1	| -1	| -1	| -1	| -1	| -1	|: page requested: 25 :  miss
136:	| 25	| -1	| -1	| -1	| -1	| -1	| -1	| -1	|: page requested: 11 :  miss
137:	| 11	| -1	| -1	| -1	| -1	| -1	| -1	| -1	|: page requested: 28 :  miss
138:	| 28	| -1	| -1	| -1	| -1	| -1	| -1	| -1	|: page requested: 11 :  miss
139:	| 11	| -1	| -1	| -1	| -1	| -1	| -1	| -1	|: page requested: 22 :  miss
140:	| 22	| -1	| -1	| -1	| -1	| -1	| -1	| -1	|: page requested: 11 :  miss
141:	| 11	| -1	| -1	| -1	| -1	| -1	| -1	| -1	|: page requested: 22 :  miss
142:	| 22	| -1	| -1	| -1	| -1	| -1	| -1	| -1	|: page requested: 9 :  miss
143:	| 9	| -1	| -1	| -1	| -1	| -1	| -1	| -1	|: page requested: 9 :  hit
144:	| 9	| -1	| -1	| -1	| -1	| -1	| -1	| -1	|: page requested: 9 :  hit
145:	| 9	| -1	| -1	| -1	| -1	| -1	| -1	| -1	|: page requested: 9 :  hit
146:	| 9	| -1	| -1	| -1	| -1	| -1	| -1	| -1	|: page requested: 11 :  miss
147:	| 11	| -1	| -1	| -1	| -1	| -1	| -1	| -1	|: page requested: 9 :  miss
148:	| 9	| -1	| -1	| -1	| -1	| -1	| -1	| -1	|: page requested: 9 :  hit
149:	| 9	| -1	| -1	| -1	| -1	| -1	| -1	| -1	|: page requested: 9 :  hit
150:	| 9	| -1	| -1	| -1	| -1	| -1	| -1	| -1	|: page requested: 9 :  hit
151:	| 9	| -1	| -1	| -1	| -1	| -1	| -1	| -1	|: page requested: 25 :  miss
152:	| 25	| -1	| -1	| -1	| -1	| -1	| -1	| -1	|: page requested: 9 :  miss
153:	| 9	| -1	| -1	| -1	| -1	| -1	| -1	| -1	|: page requested: 9 :  hit
154:	| 9	| -1	| -1	| -1	| -1	| -1	| -1	| -1	|: page requested: 25 :  miss
155:	| 25	| -1	| -1	| -1	| -1	| -1	| -1	| -1	|: page requested: 25 :  hit
156:	| 25	| -1	| -1	| -1	| -1	| -1	| -1	| -1	|: page requested: 29 :  miss
157:	| 29	| -1	| -1	| -1	| -1	| -1	| -1	| -1	|: page requested: 29 :  hit
158:	| 29	| -1	| -1	| -1	| -1	| -1	| -1	| -1	|: page requested: 25 :  miss
159:	| 25	| -1	| -1	| -1	| -1	| -1	| -1	| -1	|: page requested: 25 :  hit
160:	| 25	| -1	| -1	| -1	| -1	| -1	| -1	| -1	|: page requested: 25 :  hit
161:	| 25	| -1	| -1	| -1	| -1	| -1	| -1	| -1	|: page requested: 21 :  miss
162:	| 21	| -1	| -1	| -1	| -1	| -1	| -1	| -1	|: page requested: 23 :  miss
163:	| 23	| -1	| -1	| -1	| -1	| -1	| -1	| -1	|: page requested: 25 :  miss
164:	| 25	| -1	| -1	| -1	| -1	| -1	| -1	| -1	|: page requested: 17 :  miss
165:	| 17	| -1	| -1	| -1	| -1	| -1	| -1	| -1	|: page requested: 25 :  miss
166:	| 25	| -1	| -1	| -1	| -1	| -1	| -1	| -1	|: page requested: 23 :  miss
167:	| 23	| -1	| -1	| -1	| -1	| -1	| -1	| -1	|: page requested: 17 :  miss
168:	| 17	| -1	| -1	| -1	| -1	| -1	| -1	| -1	|: page requested: 25 :  miss
169:	| 25	| -1	| -1	| -1	| -1	| -1	| -1	| -1	|: page requested: 26 :  miss
170:	| 26	| -1	| -1	| -1	| -1	| -1	| -1	| -1	|: page requested: 25 :  miss
171:	| 25	| -1	| -1	| -1	| -1	| -1	| -1	| -1	|: page requested: 25 :  hit
172:	| 25	| -1	| -1	| -1	| -1	| -1	| -1	| -1	|: page requested: 25 :  hit
173:	| 25	| -1	| -1	| -1	| -1	| -1	| -1	| -1	|: page requested: 26 :  miss
174:	| 26	| -1	| -1	| -1	| -1	| -1	| -1	| -1	|: page requested: 25 :  miss
175:	| 25	| -1	| -1	| -1	| -1	| -1	| -1	| -1	|: page requested: 31 :  miss
176:	| 31	| -1	| -1	| -1	| -1	| -1	| -1	| -1	|: page requested: 24 :  miss
177:	| 24	| -1	| -1	| -1	| -1	| -1	| -1	| -1	|: page requested: 26 :  miss
178:	| 26	| -1	| -1	| -1	| -1	| -1	| -1	| -1	|: page requested: 25 :  miss
179:	| 25	| -1	| -1	| -1	| -1	| -1	| -1	| -1	|: page requested: 13 :  miss
180:	| 13	| -1	| -1	| -1	| -1	| -1	| -1	| -1	|: page requested: 25 :  miss
181:	| 25	| -1	| -1	| -1	| -1	| -1	| -1	| -1	|: page requested: 15 :  miss
182:	| 15	| -1	| -1	| -1	| -1	| -1	| -1	| -1	|: page requested: 13 :  miss
183:	| 13	| -1	| -1	| -1	| -1	| -1	| -1	| -1	|: page requested: 28 :  miss
184:	| 28	| -1	| -1	| -1	| -1	| -1	| -1	| -1	|: page requested: 25 :  miss
185:	| 25	| -1	| -1	| -1	| -1	| -1	| -1	| -1	|: page requested: 15 :  miss
186:	| 15	| -1	| -1	| -1	| -1	| -1	| -1	| -1	|: page requested: 15 :  hit
187:	| 15	| -1	| -1	| -1	| -1	| -1	| -1	| -1	|: page requested: 28 :  miss
188:	| 28	| -1	| -1	| -1	| -1	| -1	| -1	| -1	|: page requested: 31 :  miss
189:	| 31	| -1	| -1	| -1	| -1	| -1	| -1	| -1	|: page requested: 22 :  miss
190:	| 22	| -1	| -1	| -1	| -1	| -1	| -1	| -1	|: page requested: 15 :  miss
191:	| 15	| -1	| -1	| -1	| -1	| -1	| -1	| -1	|: page requested: 15 :  hit
192:	| 15	| -1	| -1	| -1	| -1	| -1	| -1	| -1	|: page requested: 28 :  miss
193:	| 28	| -1	| -1	| -1	| -1	| -1	| -1	| -1	|: page requested: 22 :  miss
194:	| 22	| -1	| -1	| -1	| -1	| -1	| -1	| -1	|: page requested: 10 :  miss
195:	| 10	| -1	| -1	| -1	| -1	| -1	| -1	| -1	|: page requested: 10 :  hit
196:	| 10	| -1	| -1	| -1	| -1	| -1	| -1	| -1	|: page requested: 10 :  hit
197:	| 10	| -1	| -1	| -1	| -1	| -1	| -1	| -1	|: page requested: 10 :  hit
198:	| 10	| -1	| -1	| -1	| -1	| -1	| -1	| -1	|: page requested: 10 :  hit
199:	| 10	| -1	| -1	| -1	| -1	| -1	| -1	| -1	|: page requested: 10 :  hit
200:	| 10	| -1	| -1	| -1	| -1	| -1	| -1	| -1	|: page requested: 10 :  hit
201:	| 10	| -1	| -1	| -1	| -1	| -1	| -1	| -1	|: page requested: 0 :  miss
202:	| 0	| -1	| -1	| -1	| -1	| -1	| -1	| -1	|: page requested: 10 :  miss
203:	| 10	| -1	| -1	| -1	| -1	| -1	| -1	| -1	|: page requested: 10 :  hit
204:	| 10	| -1	| -1	| -1	| -1	| -1	| -1	| -1	|: page requested: 10 :  hit
205:	| 10	| -1	| -1	| -1	| -1	| -1	| -1	| -1	|: page requested: 0 :  miss
206:	| 0	| -1	| -1	| -1	| -1	| -1	| -1	| -1	|: page requested: 10 :  miss
207:	| 10	| -1	| -1	| -1	| -1	| -1	| -1	| -1	|: page requested: 10 :  hit
208:	| 10	| -1	| -1	| -1	| -1	| -1	| -1	| -1	|: page requested: 10 :  hit
209:	| 10	| -1	| -1	| -1	| -1	| -1	| -1	| -1	|: page requested: 10 :  hit
210:	| 10	| -1	| -1	| -1	| -1	| -1	| -1	| -1	|: page requested: 10 :  hit
211:	| 10	| -1	| -1	| -1	| -1	| -1	| -1	| -1	|: page requested: 10 :  hit
212:	| 10	| -1	| -1	| -1	| -1	| -1	| -1	| -1	|: page requested: 10 :  hit
213:	| 10	| -1	| -1	| -1	| -1	| -1	| -1	| -1	|: page requested: 10 :  hit
214:	| 10	| -1	| -1	| -1	| -1	| -1	| -1	| -1	|: page requested: 10 :  hit
215:	| 10	| -1	| -1	| -1	| -1	| -1	| -1	| -1	|: page requested: 10 :  hit
216:	| 10	| -1	| -1	| -1	| -1	| -1	| -1	| -1	|: page requested: 10 :  hit
217:	| 10	| -1	| -1	| -1	| -1	| -1	| -1	| -1	|: page requested: 10 :  hit
218:	| 10	| -1	| -1	| -1	| -1	| -1	| -1	| -1	|: page requested: 10 :  hit
219:	| 10	| -1	| -1	| -1	| -1	| -1	| -1	| -1	|: page requested: 10 :  hit
220:	| 10	| -1	| -1	| -1	| -1	| -1	| -1	| -1	|: page requested: 9 :  miss
221:	| 9	| -1	| -1	| -1	| -1	| -1	| -1	| -1	|: page requested: 10 :  miss
222:	| 10	| -1	| -1	| -1	| -1	| -1	| -1	| -1	|: page requested: 9 :  miss
223:	| 9	| -1	| -1	| -1	| -1	| -1	| -1	| -1	|: page requested: 9 :  hit
224:	| 9	| -1	| -1	| -1	| -1	| -1	| -1	| -1	|: page requested: 10 :  miss
225:	| 10	| -1	| -1	| -1	| -1	| -1	| -1	| -1	|: page requested: 10 :  hit
226:	| 10	| -1	| -1	| -1	| -1	| -1	| -1	| -1	|: page requested: 10 :  hit
227:	| 10	| -1	| -1	| -1	| -1	| -1	| -1	| -1	|: page requested: 10 :  hit
228:	| 10	| -1	| -1	| -1	| -1	| -1	| -1	| -1	|: page requested: 29 :  miss
229:	| 29	| -1	| -1	| -1	| -1	| -1	| -1	| -1	|: page requested: 10 :  miss
230:	| 10	| -1	| -1	| -1	| -1	| -1	| -1	| -1	|: page requested: 29 :  miss
231:	| 29	| -1	| -1	| -1	| -1	| -1	| -1	| -1	|: page requested: 10 :  miss
232:	| 10	| -1	| -1	| -1	| -1	| -1	| -1	| -1	|: page requested: 10 :  hit
233:	| 10	| -1	| -1	| -1	| -1	| -1	| -1	| -1	|: page requested: 10 :  hit
234:	| 10	| -1	| -1	| -1	| -1	| -1	| -1	| -1	|: page requested: 29 :  miss
235:	| 29	| -1	| -1	| -1	| -1	| -1	| -1	| -1	|: page requested: 25 :  miss
236:	| 25	| -1	| -1	| -1	| -1	| -1	| -1	| -1	|: page requested: 23 :  miss
237:	| 23	| -1	| -1	| -1	| -1	| -1	| -1	| -1	|: page requested: 6 :  miss
238:	| 6	| -1	| -1	| -1	| -1	| -1	| -1	| -1	|: page requested: 6 :  hit
239:	| 6	| -1	| -1	| -1	| -1	| -1	| -1	| -1	|: page requested: 29 :  miss
240:	| 29	| -1	| -1	| -1	| -1	| -1	| -1	| -1	|: page requested: 0 :  miss
241:	| 0	| -1	| -1	| -1	| -1	| -1	| -1	| -1	|: page requested: 17 :  miss
242:	| 17	| -1	| -1	| -1	| -1	| -1	| -1	| -1	|: page requested: 0 :  miss
243:	| 0	| -1	| -1	| -1	| -1	| -1	| -1	| -1	|: page requested: 17 :  miss
244:	| 17	| -1	| -1	| -1	| -1	| -1	| -1	| -1	|: page requested: 17 :  hit
245:	| 17	| -1	| -1	| -1	| -1	| -1	| -1	| -1	|: page requested: 0 :  miss
246:	| 0	| -1	| -1	| -1	| -1	| -1	| -1	| -1	|: page requested: 24 :  miss
247:	| 24	| -1	| -1	| -1	| -1	| -1	| -1	| -1	|: page requested: 17 :  miss
248:	| 17	| -1	| -1	| -1	| -1	| -1	| -1	| -1	|: page requested: 17 :  hit
249:	| 17	| -1	| -1	| -1	| -1	| -1	| -1	| -1	|: page requested: 24 :  miss
250:	| 24	| -1	| -1	| -1	| -1	| -1	| -1	| -1	|: page requested: 24 :  hit
251:	| 24	| -1	| -1	| -1	| -1	| -1	| -1	| -1	|: page requested: 10 :  miss
252:	| 10	| -1	| -1	| -1	| -1	| -1	| -1	| -1	|: page requested: 16 :  miss
253:	| 16	| -1	| -1	| -1	| -1	| -1	| -1	| -1	|: page requested: 24 :  miss
254:	| 24	| -1	| -1	| -1	| -1	| -1	| -1	| -1	|: page requested: 24 :  hit
255:	| 24	| -1	| -1	| -1	| -1	| -1	| -1	| -1	|: page requested: 24 :  hit
256:	| 24	| -1	| -1	| -1	| -1	| -1	| -1	| -1	|: page requested: 24 :  hit
257:	| 24	| -1	| -1	| -1	| -1	| -1	| -1	| -1	|: page requested: 24 :  hit
258:	| 24	| -1	| -1	| -1	| -1	| -1	| -1	| -1	|: page requested: 24 :  hit
259:	| 24	| -1	| -1	| -1	| -1	| -1	| -1	| -1	|: page requested: 22 :  miss
260:	| 22	| -1	| -1	| -1	| -1	| -1	| -1	| -1	|: page requested: 24 :  miss
261:	| 24	| -1	| -1	| -1	| -1	| -1	| -1	| -1	|: page requested: 10 :  miss
262:	| 10	| -1	| -1	| -1	| -1	| -1	| -1	| -1	|: page requested: 22 :  miss
263:	| 22	| -1	| -1	| -1	| -1	| -1	| -1	| -1	|: page requested: 10 :  miss
264:	| 10	| -1	| -1	| -1	| -1	| -1	| -1	| -1	|: page requested: 10 :  hit
265:	| 10	| -1	| -1	| -1	| -1	| -1	| -1	| -1	|: page requested: 24 :  miss
266:	| 24	| -1	| -1	| -1	| -1	| -1	| -1	| -1	|: page requested: 10 :  miss
267:	| 10	| -1	| -1	| -1	| -1	| -1	| -1	| -1	|: page requested: 10 :  hit
268:	| 10	| -1	| -1	| -1	| -1	| -1	| -1	| -1	|: page requested: 2 :  miss
269:	| 2	| -1	| -1	| -1	| -1	| -1	| -1	| -1	|: page requested: 16 :  miss
270:	| 16	| -1	| -1	| -1	| -1	| -1	| -1	| -1	|: page requested: 24 :  miss
271:	| 24	| -1	| -1	| -1	| -1	| -1	| -1	| -1	|: page requested: 10 :  miss
272:	| 10	| -1	| -1	| -1	| -1	| -1	| -1	| -1	|: page requested: 10 :  hit
273:	| 10	| -1	| -1	| -1	| -1	| -1	| -1	| -1	|: page requested: 10 :  hit
274:	| 10	| -1	| -1	| -1	| -1	| -1	| -1	| -1	|: page requested: 10 :  hit
275:	| 10	| -1	| -1	| -1	| -1	| -1	| -1	| -1	|: page requested: 10 :  hit
276:	| 10	| -1	| -1	| -1	| -1	| -1	| -1	| -1	|: page requested: 10 :  hit
277:	| 10	| -1	| -1	| -1	| -1	| -1	| -1	| -1	|: page requested: 10 :  hit
278:	| 10	| -1	| -1	| -1	| -1	| -1	| -1	| -1	|: page requested: 10 :  hit
279:	| 10	| -1	| -1	| -1	| -1	| -1	| -1	| -1	|: page requested: 30 :  miss
280:	| 30	| -1	| -1	| -1	| -1	| -1	| -1	| -1	|: page requested: 9 :  miss
281:	| 9	| -1	| -1	| -1	| -1	| -1	| -1	| -1	|: page requested: 30 :  miss
282:	| 30	| -1	| -1	| -1	| -1	| -1	| -1	| -1	|: page requested: 10 :  miss
283:	| 10	| -1	| -1	| -1	| -1	| -1	| -1	| -1	|: page requested: 10 :  hit
284:	| 10	| -1	| -1	| -1	| -1	| -1	| -1	| -1	|: page requested: 10 :  hit
285:	| 10	| -1	| -1	| -1	| -1	| -1	| -1	| -1	|: page requested: 9 :  miss
286:	| 9	| -1	| -1	| -1	| -1	| -1	| -1	| -1	|: page requested: 10 :  miss
287:	| 10	| -1	| -1	| -1	| -1	| -1	| -1	| -1	|: page requested: 14 :  miss
288:	| 14	| -1	| -1	| -1	| -1	| -1	| -1	| -1	|: page requested: 10 :  miss
289:	| 10	| -1	| -1	| -1	| -1	| -1	| -1	| -1	|: page requested: 9 :  miss
290:	| 9	| -1	| -1	| -1	| -1	| -1	| -1	| -1	|: page requested: 17 :  miss
291:	| 17	| -1	| -1	| -1	| -1	| -1	| -1	| -1	|: page requested: 10 :  miss
292:	| 10	| -1	| -1	| -1	| -1	| -1	| -1	| -1	|: page requested: 20 :  miss
293:	| 20	| -1	| -1	| -1	| -1	| -1	| -1	| -1	|: page requested: 10 :  miss
294:	| 10	| -1	| -1	| -1	| -1	| -1	| -1	| -1	|: page requested: 9 :  miss
295:	| 9	| -1	| -1	| -1	| -1	| -1	| -1	| -1	|: page requested: 3 :  miss
296:	| 3	| -1	| -1	| -1	| -1	| -1	| -1	| -1	|: page requested: 3 :  hit
297:	| 3	| -1	| -1	| -1	| -1	| -1	| -1	| -1	|: page requested: 9 :  miss
298:	| 9	| -1	| -1	| -1	| -1	| -1	| -1	| -1	|: page requested: 3 :  miss
299:	| 3	| -1	| -1	| -1	| -1	| -1	| -1	| -1	|: page requested: 9 :  miss
300:	| 9	| -1	| -1	| -1	| -1	| -1	| -1	| -1	|: page requested: 9 :  hit
301:	| 9	| -1	| -1	| -1	| -1	| -1	| -1	| -1	|: page requested: 9 :  hit
302:	| 9	| -1	| -1	| -1	| -1	| -1	| -1	| -1	|: page requested: 3 :  miss
303:	| 3	| -1	| -1	| -1	| -1	| -1	| -1	| -1	|: page requested: 9 :  miss
304:	| 9	| -1	| -1	| -1	| -1	| -1	| -1	| -1	|: page requested: 3 :  miss
305:	| 3	| -1	| -1	| -1	| -1	| -1	| -1	| -1	|: page requested: 3 :  hit
306:	| 3	| -1	| -1	| -1	| -1	| -1	| -1	| -1	|: page requested: 3 :  hit
307:	| 3	| -1	| -1	| -1	| -1	| -1	| -1	| -1	|: page requested: 3 :  hit
308:	| 3	| -1	| -1	| -1	| -1	| -1	| -1	| -1	|: page requested: 9 :  miss
309:	| 9	| -1	| -1	| -1	| -1	| -1	| -1	| -1	|: page requested: 9 :  hit
310:	| 9	| -1	| -1	| -1	| -1	| -1	| -1	| -1	|: page requested: 3 :  miss
311:	| 3	| -1	| -1	| -1	| -1	| -1	| -1	| -1	|: page requested: 3 :  hit
312:	| 3	| -1	| -1	| -1	| -1	| -1	| -1	| -1	|: page requested: 3 :  hit
313:	| 3	| -1	| -1	| -1	| -1	| -1	| -1	| -1	|: page requested: 22 :  miss
314:	| 22	| -1	| -1	| -1	| -1	| -1	| -1	| -1	|: page requested: 3 :  miss
315:	| 3	| -1	| -1	| -1	| -1	| -1	| -1	| -1	|: page requested: 22 :  miss
316:	| 22	| -1	| -1	| -1	| -1	| -1	| -1	| -1	|: page requested: 22 :  hit
317:	| 22	| -1	| -1	| -1	| -1	| -1	| -1	| -1	|: page requested: 22 :  hit
318:	| 22	| -1	| -1	| -1	| -1	| -1	| -1	| -1	|: page requested: 15 :  miss
319:	| 15	| -1	| -1	| -1	| -1	| -1	| -1	| -1	|: page requested: 3 :  miss
320:	| 3	| -1	| -1	| -1	| -1	| -1	| -1	| -1	|: page requested: 22 :  miss
321:	| 22	| -1	| -1	| -1	| -1	| -1	| -1	| -1	|: page requested: 22 :  hit
322:	| 22	| -1	| -1	| -1	| -1	| -1	| -1	| -1	|: page requested: 22 :  hit
323:	| 22	| -1	| -1	| -1	| -1	| -1	| -1	| -1	|: page requested: 22 :  hit
324:	| 22	| -1	| -1	| -1	| -1	| -1	| -1	| -1	|: page requested: 22 :  hit
325:	| 22	| -1	| -1	| -1	| -1	| -1	| -1	| -1	|: page requested: 22 :  hit
326:	| 22	| -1	| -1	| -1	| -1	| -1	| -1	| -1	|: page requested: 22 :  hit
327:	| 22	| -1	| -1	| -1	| -1	| -1	| -1	| -1	|: page requested: 22 :  hit
328:	| 22	| -1	| -1	| -1	| -1	| -1	| -1	| -1	|: page requested: 22 :  hit
329:	| 22	| -1	| -1	| -1	| -1	| -1	| -1	| -1	|: page requested: 30 :  miss
330:	| 30	| -1	| -1	| -1	| -1	| -1	| -1	| -1	|: page requested: 22 :  miss
331:	| 22	| -1	| -1	| -1	| -1	| -1	| -1	| -1	|: page requested: 22 :  hit
332:	| 22	| -1	| -1	| -1	| -1	| -1	| -1	| -1	|: page requested: 30 :  miss
333:	| 30	| -1	| -1	| -1	| -1	| -1	| -1	| -1	|: page requested: 22 :  miss
334:	| 22	| -1	| -1	| -1	| -1	| -1	| -1	| -1	|: page requested: 6 :  miss
335:	| 6	| -1	| -1	| -1	| -1	| -1	| -1	| -1	|: page requested: 22 :  miss
336:	| 22	| -1	| -1	| -1	| -1	| -1	| -1	| -1	|: page requested: 22 :  hit
337:	| 22	| -1	| -1	| -1	| -1	| -1	| -1	| -1	|: page requested: 30 :  miss
338:	| 30	| -1	| -1	| -1	| -1	| -1	| -1	| -1	|: page requested: 30 :  hit
339:	| 30	| -1	| -1	| -1	| -1	| -1	| -1	| -1	|: page requested: 22 :  miss
340:	| 22	| -1	| -1	| -1	| -1	| -1	| -1	| -1	|: page requested: 6 :  miss
341:	| 6	| -1	| -1	| -1	| -1	| -1	| -1	| -1	|: page requested: 30 :  miss
342:	| 30	| -1	| -1	| -1	| -1	| -1	| -1	| -1	|: page requested: 6 :  miss
343:	| 6	| -1	| -1	| -1	| -1	| -1	| -1	| -1	|: page requested: 6 :  hit
344:	| 6	| -1	| -1	| -1	| -1	| -1	| -1	| -1	|: page requested: 6 :  hit
345:	| 6	| -1	| -1	| -1	| -1	| -1	| -1	| -1	|: page requested: 6 :  hit
346:	| 6	| -1	| -1	| -1	| -1	| -1	| -1	| -1	|: page requested: 30 :  miss
347:	| 30	| -1	| -1	| -1	| -1	| -1	| -1	| -1	|: page requested: 6 :  miss
348:	| 6	| -1	| -1	| -1	| -1	| -1	| -1	| -1	|: page requested: 6 :  hit
349:	| 6	| -1	| -1	| -1	| -1	| -1	| -1	| -1	|: page requested: 6 :  hit
350:	| 6	| -1	| -1	| -1	| -1	| -1	| -1	| -1	|: page requested: 6 :  hit
351:	| 6	| -1	| -1	| -1	| -1	| -1	| -1	| -1	|: page requested: 6 :  hit
352:	| 6	| -1	| -1	| -1	| -1	| -1	| -1	| -1	|: page requested: 6 :  hit
353:	| 6	| -1	| -1	| -1	| -1	| -1	| -1	| -1	|: page requested: 20 :  miss
354:	| 20	| -1	| -1	| -1	| -1	| -1	| -1	| -1	|: page requested: 6 :  miss
355:	| 6	| -1	| -1	| -1	| -1	| -1	| -1	| -1	|: page requested: 6 :  hit
356:	| 6	| -1	| -1	| -1	| -1	| -1	| -1	| -1	|: page requested: 6 :  hit
357:	| 6	| -1	| -1	| -1	| -1	| -1	| -1	| -1	|: page requested: 20 :  miss
358:	| 20	| -1	| -1	| -1	| -1	| -1	| -1	| -1	|: page requested: 6 :  miss
359:	| 6	| -1	| -1	| -1	| -1	| -1	| -1	| -1	|: page requested: 24 :  miss
360:	| 24	| -1	| -1	| -1	| -1	| -1	| -1	| -1	|: page requested: 6 :  miss
361:	| 6	| -1	| -1	| -1	| -1	| -1	| -1	| -1	|: page requested: 1 :  miss
362:	| 1	| -1	| -1	| -1	| -1	| -1	| -1	| -1	|: page requested: 20 :  miss
363:	| 20	| -1	| -1	| -1	| -1	| -1	| -1	| -1	|: page requested: 10 :  miss
364:	| 10	| -1	| -1	| -1	| -1	| -1	| -1	| -1	|: page requested: 6 :  miss
365:	| 6	| -1	| -1	| -1	| -1	| -1	| -1	| -1	|: page requested: 10 :  miss
366:	| 10	| -1	| -1	| -1	| -1	| -1	| -1	| -1	|: page requested: 8 :  miss
367:	| 8	| -1	| -1	| -1	| -1	| -1	| -1	| -1	|: page requested: 10 :  miss
368:	| 10	| -1	| -1	| -1	| -1	| -1	| -1	| -1	|: page requested: 10 :  hit
369:	| 10	| -1	| -1	| -1	| -1	| -1	| -1	| -1	|: page requested: 10 :  hit
370:	| 10	| -1	| -1	| -1	| -1	| -1	| -1	| -1	|: page requested: 10 :  hit
371:	| 10	| -1	| -1	| -1	| -1	| -1	| -1	| -1	|: page requested: 10 :  hit
372:	| 10	| -1	| -1	| -1	| -1	| -1	| -1	| -1	|: page requested: 9 :  miss
373:	| 9	| -1	| -1	| -1	| -1	| -1	| -1	| -1	|: page requested: 9 :  hit
374:	| 9	| -1	| -1	| -1	| -1	| -1	| -1	| -1	|: page requested: 10 :  miss
375:	| 10	| -1	| -1	| -1	| -1	| -1	| -1	| -1	|: page requested: 10 :  hit
376:	| 10	| -1	| -1	| -1	| -1	| -1	| -1	| -1	|: page requested: 9 :  miss
377:	| 9	| -1	| -1	| -1	| -1	| -1	| -1	| -1	|: page requested: 9 :  hit
378:	| 9	| -1	| -1	| -1	| -1	| -1	| -1	| -1	|: page requested: 9 :  hit
379:	| 9	| -1	| -1	| -1	| -1	| -1	| -1	| -1	|: page requested: 9 :  hit
380:	| 9	| -1	| -1	| -1	| -1	| -1	| -1	| -1	|: page requested: 9 :  hit
381:	| 9	| -1	| -1	| -1	| -1	| -1	| -1	| -1	|: page requested: 12 :  miss
382:	| 12	| -1	| -1	| -1	| -1	| -1	| -1	| -1	|: page requested: 22 :  miss
383:	| 22	| -1	| -1	| -1	| -1	| -1	| -1	| -1	|: page requested: 22 :  hit
384:	| 22	| -1	| -1	| -1	| -1	| -1	| -1	| -1	|: page requested: 12 :  miss
385:	| 12	| -1	| -1	| -1	| -1	| -1	| -1	| -1	|: page requested: 9 :  miss
386:	| 9	| -1	| -1	| -1	| -1	| -1	| -1	| -1	|: page requested: 12 :  miss
387:	| 12	| -1	| -1	| -1	| -1	| -1	| -1	| -1	|: page requested: 22 :  miss
388:	| 22	| -1	| -1	| -1	| -1	| -1	| -1	| -1	|: page requested: 12 :  miss
389:	| 12	| -1	| -1	| -1	| -1	| -1	| -1	| -1	|: page requested: 12 :  hit
390:	| 12	| -1	| -1	| -1	| -1	| -1	| -1	| -1	|: page requested: 12 :  hit
391:	| 12	| -1	| -1	| -1	| -1	| -1	| -1	| -1	|: page requested: 12 :  hit
392:	| 12	| -1	| -1	| -1	| -1	| -1	| -1	| -1	|: page requested: 22 :  miss
393:	| 22	| -1	| -1	| -1	| -1	| -1	| -1	| -1	|: page requested: 22 :  hit
394:	| 22	| -1	| -1	| -1	| -1	| -1	| -1	| -1	|: page requested: 12 :  miss
395:	| 12	| -1	| -1	| -1	| -1	| -1	| -1	| -1	|: page requested: 12 :  hit
396:	| 12	| -1	| -1	| -1	| -1	| -1	| -1	| -1	|: page requested: 12 :  hit
397:	| 12	| -1	| -1	| -1	| -1	| -1	| -1	| -1	|: page requested: 12 :  hit
398:	| 12	| -1	| -1	| -1	| -1	| -1	| -1	| -1	|: page requested: 12 :  hit
399:	| 12	| -1	| -1	| -1	| -1	| -1	| -1	| -1	|: page requested: 0 :  miss
400:	| 0	| -1	| -1	| -1	| -1	| -1	| -1	| -1	|: page requested: 30 :  miss
401:	| 30	| -1	| -1	| -1	| -1	| -1	| -1	| -1	|: page requested: 0 :  miss
402:	| 0	| -1	| -1	| -1	| -1	| -1	| -1	| -1	|: page requested: 0 :  hit
403:	| 0	| -1	| -1	| -1	| -1	| -1	| -1	| -1	|: page requested: 0 :  hit
404:	| 0	| -1	| -1	| -1	| -1	| -1	| -1	| -1	|: page requested: 16 :  miss
405:	| 16	| -1	| -1	| -1	| -1	| -1	| -1	| -1	|: page requested: 16 :  hit
406:	| 16	| -1	| -1	| -1	| -1	| -1	| -1	| -1	|: page requested: 0 :  miss
407:	| 0	| -1	| -1	| -1	| -1	| -1	| -1	| -1	|: page requested: 16 :  miss
408:	| 16	| -1	| -1	| -1	| -1	| -1	| -1	| -1	|: page requested: 29 :  miss
409:	| 29	| -1	| -1	| -1	| -1	| -1	| -1	| -1	|: page requested: 16 :  miss
410:	| 16	| -1	| -1	| -1	| -1	| -1	| -1	| -1	|: page requested: 16 :  hit
411:	| 16	| -1	| -1	| -1	| -1	| -1	| -1	| -1	|: page requested: 0 :  miss
412:	| 0	| -1	| -1	| -1	| -1	| -1	| -1	| -1	|: page requested: 0 :  hit
413:	| 0	| -1	| -1	| -1	| -1	| -1	| -1	| -1	|: page requested: 16 :  miss
414:	| 16	| -1	| -1	| -1	| -1	| -1	| -1	| -1	|: page requested: 16 :  hit
415:	| 16	| -1	| -1	| -1	| -1	| -1	| -1	| -1	|: page requested: 16 :  hit
416:	| 16	| -1	| -1	| -1	| -1	| -1	| -1	| -1	|: page requested: 0 :  miss
417:	| 0	| -1	| -1	| -1	| -1	| -1	| -1	| -1	|: page requested: 16 :  miss
418:	| 16	| -1	| -1	| -1	| -1	| -1	| -1	| -1	|: page requested: 14 :  miss
419:	| 14	| -1	| -1	| -1	| -1	| -1	| -1	| -1	|: page requested: 14 :  hit
420:	| 14	| -1	| -1	| -1	| -1	| -1	| -1	| -1	|: page requested: 14 :  hit
421:	| 14	| -1	| -1	| -1	| -1	| -1	| -1	| -1	|: page requested: 0 :  miss
422:	| 0	| -1	| -1	| -1	| -1	| -1	| -1	| -1	|: page requested: 14 :  miss
423:	| 14	| -1	| -1	| -1	| -1	| -1	| -1	| -1	|: page requested: 14 :  hit
424:	| 14	| -1	| -1	| -1	| -1	| -1	| -1	| -1	|: page requested: 14 :  hit
425:	| 14	| -1	| -1	| -1	| -1	| -1	| -1	| -1	|: page requested: 0 :  miss
426:	| 0	| -1	| -1	| -1	| -1	| -1	| -1	| -1	|: page requested: 0 :  hit
427:	| 0	| -1	| -1	| -1	| -1	| -1	| -1	| -1	|: page requested: 0 :  hit
428:	| 0	| -1	| -1	| -1	| -1	| -1	| -1	| -1	|: page requested: 0 :  hit
429:	| 0	| -1	| -1	| -1	| -1	| -1	| -1	| -1	|: page requested: 14 :  miss
430:	| 14	| -1	| -1	| -1	| -1	| -1	| -1	| -1	|: page requested: 0 :  miss
431:	| 0	| -1	| -1	| -1	| -1	| -1	| -1	| -1	|: page requested: 29 :  miss
432:	| 29	| -1	| -1	| -1	| -1	| -1	| -1	| -1	|: page requested: 30 :  miss
433:	| 30	| -1	| -1	| -1	| -1	| -1	| -1	| -1	|: page requested: 0 :  miss
434:	| 0	| -1	| -1	| -1	| -1	| -1	| -1	| -1	|: page requested: 29 :  miss
435:	| 29	| -1	| -1	| -1	| -1	| -1	| -1	| -1	|: page requested: 29 :  hit
436:	| 29	| -1	| -1	| -1	| -1	| -1	| -1	| -1	|: page requested: 29 :  hit
437:	| 29	| -1	| -1	| -1	| -1	| -1	| -1	| -1	|: page requested: 29 :  hit
438:	| 29	| -1	| -1	| -1	| -1	| -1	| -1	| -1	|: page requested: 29 :  hit
439:	| 29	| -1	| -1	| -1	| -1	| -1	| -1	| -1	|: page requested: 2 :  miss
440:	| 2	| -1	| -1	| -1	| -1	| -1	| -1	| -1	|: page requested: 2 :  hit
441:	| 2	| -1	| -1	| -1	| -1	| -1	| -1	| -1	|: page requested: 29 :  miss
442:	| 29	| -1	| -1	| -1	| -1	| -1	| -1	| -1	|: page requested: 29 :  hit
443:	| 29	| -1	| -1	| -1	| -1	| -1	| -1	| -1	|: page requested: 2 :  miss
444:	| 2	| -1	| -1	| -1	| -1	| -1	| -1	| -1	|: page requested: 2 :  hit
445:	| 2	| -1	| -1	| -1	| -1	| -1	| -1	| -1	|: page requested: 7 :  miss
446:	| 7	| -1	| -1	| -1	| -1	| -1	| -1	| -1	|: page requested: 29 :  miss
447:	| 29	| -1	| -1	| -1	| -1	| -1	| -1	| -1	|: page requested: 2 :  miss
448:	| 2	| -1	| -1	| -1	| -1	| -1	| -1	| -1	|: page requested: 2 :  hit
449:	| 2	| -1	| -1	| -1	| -1	| -1	| -1	| -1	|: page requested: 7 :  miss
450:	| 7	| -1	| -1	| -1	| -1	| -1	| -1	| -1	|: page requested: 2 :  miss
451:	| 2	| -1	| -1	| -1	| -1	| -1	| -1	| -1	|: page requested: 7 :  miss
452:	| 7	| -1	| -1	| -1	| -1	| -1	| -1	| -1	|: page requested: 7 :  hit
453:	| 7	| -1	| -1	| -1	| -1	| -1	| -1	| -1	|: page requested: 7 :  hit
454:	| 7	| -1	| -1	| -1	| -1	| -1	| -1	| -1	|: page requested: 7 :  hit
455:	| 7	| -1	| -1	| -1	| -1	| -1	| -1	| -1	|: page requested: 2 :  miss
456:	| 2	| -1	| -1	| -1	| -1	| -1	| -1	| -1	|: page requested: 7 :  miss
457:	| 7	| -1	| -1	| -1	| -1	| -1	| -1	| -1	|: page requested: 7 :  hit
458:	| 7	| -1	| -1	| -1	| -1	| -1	| -1	| -1	|: page requested: 7 :  hit
459:	| 7	| -1	| -1	| -1	| -1	| -1	| -1	| -1	|: page requested: 2 :  miss
460:	| 2	| -1	| -1	| -1	| -1	| -1	| -1	| -1	|: page requested: 7 :  miss
461:	| 7	| -1	| -1	| -1	| -1	| -1	| -1	| -1	|: page requested: 7 :  hit
462:	| 7	| -1	| -1	| -1	| -1	| -1	| -1	| -1	|: page requested: 7 :  hit
463:	| 7	| -1	| -1	| -1	| -1	| -1	| -1	| -1	|: page requested: 7 :  hit
464:	| 7	| -1	| -1	| -1	| -1	| -1	| -1	| -1	|: page requested: 7 :  hit
465:	| 7	| -1	| -1	| -1	| -1	| -1	| -1	| -1	|: page requested: 7 :  hit
466:	| 7	| -1	| -1	| -1	| -1	| -1	| -1	| -1	|: page requested: 0 :  miss
467:	| 0	| -1	| -1	| -1	| -1	| -1	| -1	| -1	|: page requested: 16 :  miss
468:	| 16	| -1	| -1	| -1	| -1	| -1	| -1	| -1	|: page requested: 7 :  miss
469:	| 7	| -1	| -1	| -1	| -1	| -1	| -1	| -1	|: page requested: 7 :  hit
470:	| 7	| -1	| -1	| -1	| -1	| -1	| -1	| -1	|: page requested: 7 :  hit
471:	| 7	| -1	| -1	| -1	| -1	| -1	| -1	| -1	|: page requested: 7 :  hit
472:	| 7	| -1	| -1	| -1	| -1	| -1	| -1	| -1	|: page requested: 7 :  hit
473:	| 7	| -1	| -1	| -1	| -1	| -1	| -1	| -1	|: page requested: 7 :  hit
474:	| 7	| -1	| -1	| -1	| -1	| -1	| -1	| -1	|: page requested: 7 :  hit
475:	| 7	| -1	| -1	| -1	| -1	| -1	| -1	| -1	|: page requested: 7 :  hit
476:	| 7	| -1	| -1	| -1	| -1	| -1	| -1	| -1	|: page requested: 7 :  hit
477:	| 7	| -1	| -1	| -1	| -1	| -1	| -1	| -1	|: page requested: 13 :  miss
478:	| 13	| -1	| -1	| -1	| -1	| -1	| -1	| -1	|: page requested: 7 :  miss
479:	| 7	| -1	| -1	| -1	| -1	| -1	| -1	| -1	|: page requested: 7 :  hit
480:	| 7	| -1	| -1	| -1	| -1	| -1	| -1	| -1	|: page requested: 13 :  miss
481:	| 13	| -1	| -1	| -1	| -1	| -1	| -1	| -1	|: page requested: 7 :  miss
482:	| 7	| -1	| -1	| -1	| -1	| -1	| -1	| -1	|: page requested: 7 :  hit
483:	| 7	| -1	| -1	| -1	| -1	| -1	| -1	| -1	|: page requested: 7 :  hit
484:	| 7	| -1	| -1	| -1	| -1	| -1	| -1	| -1	|: page requested: 7 :  hit
485:	| 7	| -1	| -1	| -1	| -1	| -1	| -1	| -1	|: page requested: 7 :  hit
486:	| 7	| -1	| -1	| -1	| -1	| -1	| -1	| -1	|: page requested: 7 :  hit
487:	| 7	| -1	| -1	| -1	| -1	| -1	| -1	| -1	|: page requested: 7 :  hit
488:	| 7	| -1	| -1	| -1	| -1	| -1	| -1	| -1	|: page requested: 7 :  hit
489:	| 7	| -1	| -1	| -1	| -1	| -1	| -1	| -1	|: page requested: 7 :  hit
490:	| 7	| -1	| -1	| -1	| -1	| -1	| -1	| -1	|: page requested: 1 :  miss
491:	| 1	| -1	| -1	| -1	| -1	| -1	| -1	| -1	|: page requested: 7 :  miss
492:	| 7	| -1	| -1	| -1	| -1	| -1	| -1	| -1	|: page requested: 7 :  hit
493:	| 7	| -1	| -1	| -1	| -1	| -1	| -1	| -1	|: page requested: 1 :  miss
494:	| 1	| -1	| -1	| -1	| -1	| -1	| -1	| -1	|: page requested: 7 :  miss
495:	| 7	| -1	| -1	| -1	| -1	| -1	| -1	| -1	|: page requested: 7 :  hit
496:	| 7	| -1	| -1	| -1	| -1	| -1	| -1	| -1	|: page requested: 7 :  hit
497:	| 7	| -1	| -1	| -1	| -1	| -1	| -1	| -1	|: page requested: 7 :  hit
498:	| 7	| -1	| -1	| -1	| -1	| -1	| -1	| -1	|: page requested: 7 :  hit
499:	| 7	| -1	| -1	| -1	| -1	| -1	| -1	| -1	|: page requested: 7 :  hit
500:	| 7	| -1	| -1	| -1	| -1	| -1	| -1	| -1	|: page requested: 11 :  miss
501:	| 11	| -1	| -1	| -1	| -1	| -1	| -1	| -1	|: page requested: 9 :  miss
502:	| 9	| -1	| -1	| -1	| -1	| -1	| -1	| -1	|: page requested: 7 :  miss
503:	| 7	| -1	| -1	| -1	| -1	| -1	| -1	| -1	|: page requested: 7 :  hit
504:	| 7	| -1	| -1	| -1	| -1	| -1	| -1	| -1	|: page requested: 7 :  hit
505:	| 7	| -1	| -1	| -1	| -1	| -1	| -1	| -1	|: page requested: 7 :  hit
506:	| 7	| -1	| -1	| -1	| -1	| -1	| -1	| -1	|: page requested: 7 :  hit
507:	| 7	| -1	| -1	| -1	| -1	| -1	| -1	| -1	|: page requested: 7 :  hit
508:	| 7	| -1	| -1	| -1	| -1	| -1	| -1	| -1	|: page requested: 7 :  hit
509:	| 7	| -1	| -1	| -1	| -1	| -1	| -1	| -1	|: page requested: 31 :  miss
510:	| 31	| -1	| -1	| -1	| -1	| -1	| -1	| -1	|: page requested: 7 :  miss
511:	| 7	| -1	| -1	| -1	| -1	| -1	| -1	| -1	|: page requested: 7 :  hit
512:	| 7	| -1	| -1	| -1	| -1	| -1	| -1	| -1	|: page requested: 13 :  miss
513:	| 13	| -1	| -1	| -1	| -1	| -1	| -1	| -1	|: page requested: 7 :  miss
514:	| 7	| -1	| -1	| -1	| -1	| -1	| -1	| -1	|: page requested: 31 :  miss
515:	| 31	| -1	| -1	| -1	| -1	| -1	| -1	| -1	|: page requested: 13 :  miss
516:	| 13	| -1	| -1	| -1	| -1	| -1	| -1	| -1	|: page requested: 11 :  miss
517:	| 11	| -1	| -1	| -1	| -1	| -1	| -1	| -1	|: page requested: 8 :  miss
518:	| 8	| -1	| -1	| -1	| -1	| -1	| -1	| -1	|: page requested: 31 :  miss
519:	| 31	| -1	| -1	| -1	| -1	| -1	| -1	| -1	|: page requested: 31 :  hit
520:	| 31	| -1	| -1	| -1	| -1	| -1	| -1	| -1	|: page requested: 11 :  miss
521:	| 11	| -1	| -1	| -1	| -1	| -1	| -1	| -1	|: page requested: 11 :  hit
522:	| 11	| -1	| -1	| -1	| -1	| -1	| -1	| -1	|: page requested: 29 :  miss
523:	| 29	| -1	| -1	| -1	| -1	| -1	| -1	| -1	|: page requested: 19 :  miss
524:	| 19	| -1	| -1	| -1	| -1	| -1	| -1	| -1	|: page requested: 31 :  miss
525:	| 31	| -1	| -1	| -1	| -1	| -1	| -1	| -1	|: page requested: 31 :  hit
526:	| 31	| -1	| -1	| -1	| -1	| -1	| -1	| -1	|: page requested: 11 :  miss
527:	| 11	| -1	| -1	| -1	| -1	| -1	| -1	| -1	|: page requested: 29 :  miss
528:	| 29	| -1	| -1	| -1	| -1	| -1	| -1	| -1	|: page requested: 31 :  miss
529:	| 31	| -1	| -1	| -1	| -1	| -1	| -1	| -1	|: page requested: 11 :  miss
530:	| 11	| -1	| -1	| -1	| -1	| -1	| -1	| -1	|: page requested: 31 :  miss
531:	| 31	| -1	| -1	| -1	| -1	| -1	| -1	| -1	|: page requested: 31 :  hit
532:	| 31	| -1	| -1	| -1	| -1	| -1	| -1	| -1	|: page requested: 31 :  hit
533:	| 31	| -1	| -1	| -1	| -1	| -1	| -1	| -1	|: page requested: 31 :  hit
534:	| 31	| -1	| -1	| -1	| -1	| -1	| -1	| -1	|: page requested: 31 :  hit
535:	| 31	| -1	| -1	| -1	| -1	| -1	| -1	| -1	|: page requested: 11 :  miss
536:	| 11	| -1	| -1	| -1	| -1	| -1	| -1	| -1	|: page requested: 7 :  miss
537:	| 7	| -1	| -1	| -1	| -1	| -1	| -1	| -1	|: page requested: 11 :  miss
538:	| 11	| -1	| -1	| -1	| -1	| -1	| -1	| -1	|: page requested: 11 :  hit
539:	| 11	| -1	| -1	| -1	| -1	| -1	| -1	| -1	|: page requested: 11 :  hit
540:	| 11	| -1	| -1	| -1	| -1	| -1	| -1	| -1	|: page requested: 11 :  hit
541:	| 11	| -1	| -1	| -1	| -1	| -1	| -1	| -1	|: page requested: 11 :  hit
542:	| 11	| -1	| -1	| -1	| -1	| -1	| -1	| -1	|: page requested: 11 :  hit
543:	| 11	| -1	| -1	| -1	| -1	| -1	| -1	| -1	|: page requested: 11 :  hit
544:	| 11	| -1	| -1	| -1	| -1	| -1	| -1	| -1	|: page requested: 11 :  hit
545:	| 11	| -1	| -1	| -1	| -1	| -1	| -1	| -1	|: page requested: 11 :  hit
546:	| 11	| -1	| -1	| -1	| -1	| -1	| -1	| -1	|: page requested: 11 :  hit
547:	| 11	| -1	| -1	| -1	| -1	| -1	| -1	| -1	|: page requested: 11 :  hit
548:	| 11	| -1	| -1	| -1	| -1	| -1	| -1	| -1	|: page requested: 11 :  hit
549:	| 11	| -1	| -1	| -1	| -1	| -1	| -1	| -1	|: page requested: 2 :  miss
550:	| 2	| -1	| -1	| -1	| -1	| -1	| -1	| -1	|: page requested: 17 :  miss
551:	| 17	| -1	| -1	| -1	| -1	| -1	| -1	| -1	|: page requested: 1 :  miss
552:	| 1	| -1	| -1	| -1	| -1	| -1	| -1	| -1	|: page requested: 17 :  miss
553:	| 17	| -1	| -1	| -1	| -1	| -1	| -1	| -1	|: page requested: 17 :  hit
554:	| 17	| -1	| -1	| -1	| -1	| -1	| -1	| -1	|: page requested: 1 :  miss
555:	| 1	| -1	| -1	| -1	| -1	| -1	| -1	| -1	|: page requested: 14 :  miss
556:	| 14	| -1	| -1	| -1	| -1	| -1	| -1	| -1	|: page requested: 6 :  miss
557:	| 6	| -1	| -1	| -1	| -1	| -1	| -1	| -1	|: page requested: 1 :  miss
558:	| 1	| -1	| -1	| -1	| -1	| -1	| -1	| -1	|: page requested: 14 :  miss
559:	| 14	| -1	| -1	| -1	| -1	| -1	| -1	| -1	|: page requested: 1 :  miss
560:	| 1	| -1	| -1	| -1	| -1	| -1	| -1	| -1	|: page requested: 27 :  miss
561:	| 27	| -1	| -1	| -1	| -1	| -1	| -1	| -1	|: page requested: 19 :  miss
562:	| 19	| -1	| -1	| -1	| -1	| -1	| -1	| -1	|: page requested: 1 :  miss
563:	| 1	| -1	| -1	| -1	| -1	| -1	| -1	| -1	|: page requested: 27 :  miss
564:	| 27	| -1	| -1	| -1	| -1	| -1	| -1	| -1	|: page requested: 19 :  miss
565:	| 19	| -1	| -1	| -1	| -1	| -1	| -1	| -1	|: page requested: 19 :  hit
566:	| 19	| -1	| -1	| -1	| -1	| -1	| -1	| -1	|: page requested: 19 :  hit
567:	| 19	| -1	| -1	| -1	| -1	| -1	| -1	| -1	|: page requested: 24 :  miss
568:	| 24	| -1	| -1	| -1	| -1	| -1	| -1	| -1	|: page requested: 30 :  miss
569:	| 30	| -1	| -1	| -1	| -1	| -1	| -1	| -1	|: page requested: 24 :  miss
570:	| 24	| -1	| -1	| -1	| -1	| -1	| -1	| -1	|: page requested: 13 :  miss
571:	| 13	| -1	| -1	| -1	| -1	| -1	| -1	| -1	|: page requested: 30 :  miss
572:	| 30	| -1	| -1	| -1	| -1	| -1	| -1	| -1	|: page requested: 30 :  hit
573:	| 30	| -1	| -1	| -1	| -1	| -1	| -1	| -1	|: page requested: 30 :  hit
574:	| 30	| -1	| -1	| -1	| -1	| -1	| -1	| -1	|: page requested: 13 :  miss
575:	| 13	| -1	| -1	| -1	| -1	| -1	| -1	| -1	|: page requested: 13 :  hit
576:	| 13	| -1	| -1	| -1	| -1	| -1	| -1	| -1	|: page requested: 13 :  hit
577:	| 13	| -1	| -1	| -1	| -1	| -1	| -1	| -1	|: page requested: 13 :  hit
578:	| 13	| -1	| -1	| -1	| -1	| -1	| -1	| -1	|: page requested: 13 :  hit
579:	| 13	| -1	| -1	| -1	| -1	| -1	| -1	| -1	|: page requested: 13 :  hit
580:	| 13	| -1	| -1	| -1	| -1	| -1	| -1	| -1	|: page requested: 13 :  hit
581:	| 13	| -1	| -1	| -1	| -1	| -1	| -1	| -1	|: page requested: 13 :  hit
582:	| 13	| -1	| -1	| -1	| -1	| -1	| -1	| -1	|: page requested: 13 :  hit
583:	| 13	| -1	| -1	| -1	| -1	| -1	| -1	| -1	|: page requested: 13 :  hit
584:	| 13	| -1	| -1	| -1	| -1	| -1	| -1	| -1	|: page requested: 13 :  hit
585:	| 13	| -1	| -1	| -1	| -1	| -1	| -1	| -1	|: page requested: 13 :  hit
586:	| 13	| -1	| -1	| -1	| -1	| -1	| -1	| -1	|: page requested: 13 :  hit
587:	| 13	| -1	| -1	| -1	| -1	| -1	| -1	| -1	|: page requested: 13 :  hit
588:	| 13	| -1	| -1	| -1	| -1	| -1	| -1	| -1	|: page requested: 13 :  hit
589:	| 13	| -1	| -1	| -1	| -1	| -1	| -1	| -1	|: page requested: 13 :  hit
590:	| 13	| -1	| -1	| -1	| -1	| -1	| -1	| -1	|: page requested: 13 :  hit
591:	| 13	| -1	| -1	| -1	| -1	| -1	| -1	| -1	|: page requested: 13 :  hit
592:	| 13	| -1	| -1	| -1	| -1	| -1	| -1	| -1	|: page requested: 13 :  hit
593:	| 13	| -1	| -1	| -1	| -1	| -1	| -1	| -1	|: page requested: 13 :  hit
594:	| 13	| -1	| -1	| -1	| -1	| -1	| -1	| -1	|: page requested: 13 :  hit
595:	| 13	| -1	| -1	| -1	| -1	| -1	| -1	| -1	|: page requested: 13 :  hit
596:	| 13	| -1	| -1	| -1	| -1	| -1	| -1	| -1	|: page requested: 13 :  hit
597:	| 13	| -1	| -1	| -1	| -1	| -1	| -1	| -1	|: page requested: 13 :  hit
598:	| 13	| -1	| -1	| -1	| -1	| -1	| -1	| -1	|: page requested: 13 :  hit
599:	| 13	| -1	| -1	| -1	| -1	| -1	| -1	| -1	|: page requested: 13 :  hit
600:	| 13	| -1	| -1	| -1	| -1	| -1	| -1	| -1	|: page requested: 13 :  hit
601:	| 13	| -1	| -1	| -1	| -1	| -1	| -1	| -1	|: page requested: 13 :  hit
602:	| 13	| -1	| -1	| -1	| -1	| -1	| -1	| -1	|: page requested: 13 :  hit
603:	| 13	| -1	| -1	| -1	| -1	| -1	| -1	| -1	|: page requested: 13 :  hit
604:	| 13	| -1	| -1	| -1	| -1	| -1	| -1	| -1	|: page requested: 13 :  hit
605:	| 13	| -1	| -1	| -1	| -1	| -1	| -1	| -1	|: page requested: 13 :  hit
606:	| 13	| -1	| -1	| -1	| -1	| -1	| -1	| -1	|: page requested: 13 :  hit
607:	| 13	| -1	| -1	| -1	| -1	| -1	| -1	| -1	|: page requested: 13 :  hit
608:	| 13	| -1	| -1	| -1	| -1	| -1	| -1	| -1	|: page requested: 13 :  hit
609:	| 13	| -1	| -1	| -1	| -1	| -1	| -1	| -1	|: page requested: 13 :  hit
610:	| 13	| -1	| -1	| -1	| -1	| -1	| -1	| -1	|: page requested: 13 :  hit
611:	| 13	| -1	| -1	| -1	| -1	| -1	| -1	| -1	|: page requested: 13 :  hit
612:	| 13	| -1	| -1	| -1	| -1	| -1	| -1	| -1	|: page requested: 13 :  hit
613:	| 13	| -1	| -1	| -1	| -1	| -1	| -1	| -1	|: page requested: 13 :  hit
614:	| 13	| -1	| -1	| -1	| -1	| -1	| -1	| -1	|: page requested: 13 :  hit
615:	| 13	| -1	| -1	| -1	| -1	| -1	| -1	| -1	|: page requested: 13 :  hit
616:	| 13	| -1	| -1	| -1	| -1	| -1	| -1	| -1	|: page requested: 13 :  hit
617:	| 13	| -1	| -1	| -1	| -1	| -1	| -1	| -1	|: page requested: 31 :  miss
618:	| 31	| -1	| -1	| -1	| -1	| -1	| -1	| -1	|: page requested: 13 :  miss
619:	| 13	| -1	| -1	| -1	| -1	| -1	| -1	| -1	|: page requested: 13 :  hit
620:	| 13	| -1	| -1	| -1	| -1	| -1	| -1	| -1	|: page requested: 13 :  hit
621:	| 13	| -1	| -1	| -1	| -1	| -1	| -1	| -1	|: page requested: 13 :  hit
622:	| 13	| -1	| -1	| -1	| -1	| -1	| -1	| -1	|: page requested: 13 :  hit
623:	| 13	| -1	| -1	| -1	| -1	| -1	| -1	| -1	|: page requested: 12 :  miss
624:	| 12	| -1	| -1	| -1	| -1	| -1	| -1	| -1	|: page requested: 13 :  miss
625:	| 13	| -1	| -1	| -1	| -1	| -1	| -1	| -1	|: page requested: 13 :  hit
626:	| 13	| -1	| -1	| -1	| -1	| -1	| -1	| -1	|: page requested: 5 :  miss
627:	| 5	| -1	| -1	| -1	| -1	| -1	| -1	| -1	|: page requested: 5 :  hit
628:	| 5	| -1	| -1	| -1	| -1	| -1	| -1	| -1	|: page requested: 15 :  miss
629:	| 15	| -1	| -1	| -1	| -1	| -1	| -1	| -1	|: page requested: 15 :  hit
630:	| 15	| -1	| -1	| -1	| -1	| -1	| -1	| -1	|: page requested: 5 :  miss
631:	| 5	| -1	| -1	| -1	| -1	| -1	| -1	| -1	|: page requested: 18 :  miss
632:	| 18	| -1	| -1	| -1	| -1	| -1	| -1	| -1	|: page requested: 5 :  miss
633:	| 5	| -1	| -1	| -1	| -1	| -1	| -1	| -1	|: page requested: 5 :  hit
634:	| 5	| -1	| -1	| -1	| -1	| -1	| -1	| -1	|: page requested: 5 :  hit
635:	| 5	| -1	| -1	| -1	| -1	| -1	| -1	| -1	|: page requested: 5 :  hit
636:	| 5	| -1	| -1	| -1	| -1	| -1	| -1	| -1	|: page requested: 5 :  hit
637:	| 5	| -1	| -1	| -1	| -1	| -1	| -1	| -1	|: page requested: 5 :  hit
638:	| 5	| -1	| -1	| -1	| -1	| -1	| -1	| -1	|: page requested: 5 :  hit
639:	| 5	| -1	| -1	| -1	| -1	| -1	| -1	| -1	|: page requested: 5 :  hit
640:	| 5	| -1	| -1	| -1	| -1	| -1	| -1	| -1	|: page requested: 5 :  hit
641:	| 5	| -1	| -1	| -1	| -1	| -1	| -1	| -1	|: page requested: 5 :  hit
642:	| 5	| -1	| -1	| -1	| -1	| -1	| -1	| -1	|: page requested: 5 :  hit
643:	| 5	| -1	| -1	| -1	| -1	| -1	| -1	| -1	|: page requested: 5 :  hit
644:	| 5	| -1	| -1	| -1	| -1	| -1	| -1	| -1	|: page requested: 5 :  hit
645:	| 5	| -1	| -1	| -1	| -1	| -1	| -1	| -1	|: page requested: 5 :  hit
646:	| 5	| -1	| -1	| -1	| -1	| -1	| -1	| -1	|: page requested: 5 :  hit
647:	| 5	| -1	| -1	| -1	| -1	| -1	| -1	| -1	|: page requested: 5 :  hit
648:	| 5	| -1	| -1	| -1	| -1	| -1	| -1	| -1	|: page requested: 5 :  hit
649:	| 5	| -1	| -1	| -1	| -1	| -1	| -1	| -1	|: page requested: 23 :  miss
650:	| 23	| -1	| -1	| -1	| -1	| -1	| -1	| -1	|: page requested: 5 :  miss
651:	| 5	| -1	| -1	| -1	| -1	| -1	| -1	| -1	|: page requested: 5 :  hit
652:	| 5	| -1	| -1	| -1	| -1	| -1	| -1	| -1	|: page requested: 5 :  hit
653:	| 5	| -1	| -1	| -1	| -1	| -1	| -1	| -1	|: page requested: 5 :  hit
654:	| 5	| -1	| -1	| -1	| -1	| -1	| -1	| -1	|: page requested: 5 :  hit
655:	| 5	| -1	| -1	| -1	| -1	| -1	| -1	| -1	|: page requested: 5 :  hit
656:	| 5	| -1	| -1	| -1	| -1	| -1	| -1	| -1	|: page requested: 12 :  miss
657:	| 12	| -1	| -1	| -1	| -1	| -1	| -1	| -1	|: page requested: 5 :  miss
658:	| 5	| -1	| -1	| -1	| -1	| -1	| -1	| -1	|: page requested: 5 :  hit
659:	| 5	| -1	| -1	| -1	| -1	| -1	| -1	| -1	|: page requested: 5 :  hit
660:	| 5	| -1	| -1	| -1	| -1	| -1	| -1	| -1	|: page requested: 12 :  miss
661:	| 12	| -1	| -1	| -1	| -1	| -1	| -1	| -1	|: page requested: 5 :  miss
662:	| 5	| -1	| -1	| -1	| -1	| -1	| -1	| -1	|: page requested: 5 :  hit
663:	| 5	| -1	| -1	| -1	| -1	| -1	| -1	| -1	|: page requested: 5 :  hit
664:	| 5	| -1	| -1	| -1	| -1	| -1	| -1	| -1	|: page requested: 5 :  hit
665:	| 5	| -1	| -1	| -1	| -1	| -1	| -1	| -1	|: page requested: 5 :  hit
666:	| 5	| -1	| -1	| -1	| -1	| -1	| -1	| -1	|: page requested: 5 :  hit
667:	| 5	| -1	| -1	| -1	| -1	| -1	| -1	| -1	|: page requested: 5 :  hit
668:	| 5	| -1	| -1	| -1	| -1	| -1	| -1	| -1	|: page requested: 5 :  hit
669:	| 5	| -1	| -1	| -1	| -1	| -1	| -1	| -1	|: page requested: 5 :  hit
670:	| 5	| -1	| -1	| -1	| -1	| -1	| -1	| -1	|: page requested: 5 :  hit
671:	| 5	| -1	| -1	| -1	| -1	| -1	| -1	| -1	|: page requested: 20 :  miss
672:	| 20	| -1	| -1	| -1	| -1	| -1	| -1	| -1	|: page requested: 28 :  miss
673:	| 28	| -1	| -1	| -1	| -1	| -1	| -1	| -1	|: page requested: 5 :  miss
674:	| 5	| -1	| -1	| -1	| -1	| -1	| -1	| -1	|: page requested: 5 :  hit
675:	| 5	| -1	| -1	| -1	| -1	| -1	| -1	| -1	|: page requested: 5 :  hit
676:	| 5	| -1	| -1	| -1	| -1	| -1	| -1	| -1	|: page requested: 28 :  miss
677:	| 28	| -1	| -1	| -1	| -1	| -1	| -1	| -1	|: page requested: 5 :  miss
678:	| 5	| -1	| -1	| -1	| -1	| -1	| -1	| -1	|: page requested: 12 :  miss
679:	| 12	| -1	| -1	| -1	| -1	| -1	| -1	| -1	|: page requested: 5 :  miss
680:	| 5	| -1	| -1	| -1	| -1	| -1	| -1	| -1	|: page requested: 5 :  hit
681:	| 5	| -1	| -1	| -1	| -1	| -1	| -1	| -1	|: page requested: 5 :  hit
682:	| 5	| -1	| -1	| -1	| -1	| -1	| -1	| -1	|: page requested: 5 :  hit
683:	| 5	| -1	| -1	| -1	| -1	| -1	| -1	| -1	|: page requested: 12 :  miss
684:	| 12	| -1	| -1	| -1	| -1	| -1	| -1	| -1	|: page requested: 5 :  miss
685:	| 5	| -1	| -1	| -1	| -1	| -1	| -1	| -1	|: page requested: 5 :  hit
686:	| 5	| -1	| -1	| -1	| -1	| -1	| -1	| -1	|: page requested: 5 :  hit
687:	| 5	| -1	| -1	| -1	| -1	| -1	| -1	| -1	|: page requested: 14 :  miss
688:	| 14	| -1	| -1	| -1	| -1	| -1	| -1	| -1	|: page requested: 5 :  miss
689:	| 5	| -1	| -1	| -1	| -1	| -1	| -1	| -1	|: page requested: 13 :  miss
690:	| 13	| -1	| -1	| -1	| -1	| -1	| -1	| -1	|: page requested: 31 :  miss
691:	| 31	| -1	| -1	| -1	| -1	| -1	| -1	| -1	|: page requested: 14 :  miss
692:	| 14	| -1	| -1	| -1	| -1	| -1	| -1	| -1	|: page requested: 14 :  hit
693:	| 14	| -1	| -1	| -1	| -1	| -1	| -1	| -1	|: page requested: 13 :  miss
694:	| 13	| -1	| -1	| -1	| -1	| -1	| -1	| -1	|: page requested: 2 :  miss
695:	| 2	| -1	| -1	| -1	| -1	| -1	| -1	| -1	|: page requested: 21 :  miss
696:	| 21	| -1	| -1	| -1	| -1	| -1	| -1	| -1	|: page requested: 2 :  miss
697:	| 2	| -1	| -1	| -1	| -1	| -1	| -1	| -1	|: page requested: 13 :  miss
698:	| 13	| -1	| -1	| -1	| -1	| -1	| -1	| -1	|: page requested: 13 :  hit
699:	| 13	| -1	| -1	| -1	| -1	| -1	| -1	| -1	|: page requested: 13 :  hit
700:	| 13	| -1	| -1	| -1	| -1	| -1	| -1	| -1	|: page requested: 2 :  miss
701:	| 2	| -1	| -1	| -1	| -1	| -1	| -1	| -1	|: page requested: 9 :  miss
702:	| 9	| -1	| -1	| -1	| -1	| -1	| -1	| -1	|: page requested: 19 :  miss
703:	| 19	| -1	| -1	| -1	| -1	| -1	| -1	| -1	|: page requested: 9 :  miss
704:	| 9	| -1	| -1	| -1	| -1	| -1	| -1	| -1	|: page requested: 2 :  miss
705:	| 2	| -1	| -1	| -1	| -1	| -1	| -1	| -1	|: page requested: 2 :  hit
706:	| 2	| -1	| -1	| -1	| -1	| -1	| -1	| -1	|: page requested: 20 :  miss
707:	| 20	| -1	| -1	| -1	| -1	| -1	| -1	| -1	|: page requested: 2 :  miss
708:	| 2	| -1	| -1	| -1	| -1	| -1	| -1	| -1	|: page requested: 2 :  hit
709:	| 2	| -1	| -1	| -1	| -1	| -1	| -1	| -1	|: page requested: 2 :  hit
710:	| 2	| -1	| -1	| -1	| -1	| -1	| -1	| -1	|: page requested: 2 :  hit
711:	| 2	| -1	| -1	| -1	| -1	| -1	| -1	| -1	|: page requested: 19 :  miss
712:	| 19	| -1	| -1	| -1	| -1	| -1	| -1	| -1	|: page requested: 2 :  miss
713:	| 2	| -1	| -1	| -1	| -1	| -1	| -1	| -1	|: page requested: 2 :  hit
714:	| 2	| -1	| -1	| -1	| -1	| -1	| -1	| -1	|: page requested: 2 :  hit
715:	| 2	| -1	| -1	| -1	| -1	| -1	| -1	| -1	|: page requested: 19 :  miss
716:	| 19	| -1	| -1	| -1	| -1	| -1	| -1	| -1	|: page requested: 28 :  miss
717:	| 28	| -1	| -1	| -1	| -1	| -1	| -1	| -1	|: page requested: 13 :  miss
718:	| 13	| -1	| -1	| -1	| -1	| -1	| -1	| -1	|: page requested: 7 :  miss
719:	| 7	| -1	| -1	| -1	| -1	| -1	| -1	| -1	|: page requested: 2 :  miss
720:	| 2	| -1	| -1	| -1	| -1	| -1	| -1	| -1	|: page requested: 13 :  miss
721:	| 13	| -1	| -1	| -1	| -1	| -1	| -1	| -1	|: page requested: 2 :  miss
722:	| 2	| -1	| -1	| -1	| -1	| -1	| -1	| -1	|: page requested: 22 :  miss
723:	| 22	| -1	| -1	| -1	| -1	| -1	| -1	| -1	|: page requested: 22 :  hit
724:	| 22	| -1	| -1	| -1	| -1	| -1	| -1	| -1	|: page requested: 22 :  hit
725:	| 22	| -1	| -1	| -1	| -1	| -1	| -1	| -1	|: page requested: 2 :  miss
726:	| 2	| -1	| -1	| -1	| -1	| -1	| -1	| -1	|: page requested: 22 :  miss
727:	| 22	| -1	| -1	| -1	| -1	| -1	| -1	| -1	|: page requested: 22 :  hit
728:	| 22	| -1	| -1	| -1	| -1	| -1	| -1	| -1	|: page requested: 31 :  miss
729:	| 31	| -1	| -1	| -1	| -1	| -1	| -1	| -1	|: page requested: 22 :  miss
730:	| 22	| -1	| -1	| -1	| -1	| -1	| -1	| -1	|: page requested: 22 :  hit
731:	| 22	| -1	| -1	| -1	| -1	| -1	| -1	| -1	|: page requested: 22 :  hit
732:	| 22	| -1	| -1	| -1	| -1	| -1	| -1	| -1	|: page requested: 22 :  hit
733:	| 22	| -1	| -1	| -1	| -1	| -1	| -1	| -1	|: page requested: 2 :  miss
734:	| 2	| -1	| -1	| -1	| -1	| -1	| -1	| -1	|: page requested: 2 :  hit
735:	| 2	| -1	| -1	| -1	| -1	| -1	| -1	| -1	|: page requested: 22 :  miss
736:	| 22	| -1	| -1	| -1	| -1	| -1	| -1	| -1	|: page requested: 26 :  miss
737:	| 26	| -1	| -1	| -1	| -1	| -1	| -1	| -1	|: page requested: 2 :  miss
738:	| 2	| -1	| -1	| -1	| -1	| -1	| -1	| -1	|: page requested: 14 :  miss
739:	| 14	| -1	| -1	| -1	| -1	| -1	| -1	| -1	|: page requested: 26 :  miss
740:	| 26	| -1	| -1	| -1	| -1	| -1	| -1	| -1	|: page requested: 0 :  miss
741:	| 0	| -1	| -1	| -1	| -1	| -1	| -1	| -1	|: page requested: 26 :  miss
742:	| 26	| -1	| -1	| -1	| -1	| -1	| -1	| -1	|: page requested: 0 :  miss
743:	| 0	| -1	| -1	| -1	| -1	| -1	| -1	| -1	|: page requested: 26 :  miss
744:	| 26	| -1	| -1	| -1	| -1	| -1	| -1	| -1	|: page requested: 0 :  miss
745:	| 0	| -1	| -1	| -1	| -1	| -1	| -1	| -1	|: page requested: 0 :  hit
746:	| 0	| -1	| -1	| -1	| -1	| -1	| -1	| -1	|: page requested: 26 :  miss
747:	| 26	| -1	| -1	| -1	| -1	| -1	| -1	| -1	|: page requested: 26 :  hit
748:	| 26	| -1	| -1	| -1	| -1	| -1	| -1	| -1	|: page requested: 26 :  hit
749:	| 26	| -1	| -1	| -1	| -1	| -1	| -1	| -1	|: page requested: 26 :  hit
750:	| 26	| -1	| -1	| -1	| -1	| -1	| -1	| -1	|: page requested: 26 :  hit
751:	| 26	| -1	| -1	| -1	| -1	| -1	| -1	| -1	|: page requested: 26 :  hit
752:	| 26	| -1	| -1	| -1	| -1	| -1	| -1	| -1	|: page requested: 26 :  hit
753:	| 26	| -1	| -1	| -1	| -1	| -1	| -1	| -1	|: page requested: 26 :  hit
754:	| 26	| -1	| -1	| -1	| -1	| -1	| -1	| -1	|: page requested: 26 :  hit
755:	| 26	| -1	| -1	| -1	| -1	| -1	| -1	| -1	|: page requested: 26 :  hit
756:	| 26	| -1	| -1	| -1	| -1	| -1	| -1	| -1	|: page requested: 26 :  hit
757:	| 26	| -1	| -1	| -1	| -1	| -1	| -1	| -1	|: page requested: 12 :  miss
758:	| 12	| -1	| -1	| -1	| -1	| -1	| -1	| -1	|: page requested: 26 :  miss
759:	| 26	| -1	| -1	| -1	| -1	| -1	| -1	| -1	|: page requested: 26 :  hit
760:	| 26	| -1	| -1	| -1	| -1	| -1	| -1	| -1	|: page requested: 26 :  hit
761:	| 26	| -1	| -1	| -1	| -1	| -1	| -1	| -1	|: page requested: 26 :  hit
762:	| 26	| -1	| -1	| -1	| -1	| -1	| -1	| -1	|: page requested: 26 :  hit
763:	| 26	| -1	| -1	| -1	| -1	| -1	| -1	| -1	|: page requested: 26 :  hit
764:	| 26	| -1	| -1	| -1	| -1	| -1	| -1	| -1	|: page requested: 26 :  hit
765:	| 26	| -1	| -1	| -1	| -1	| -1	| -1	| -1	|: page requested: 26 :  hit
766:	| 26	| -1	| -1	| -1	| -1	| -1	| -1	| -1	|: page requested: 18 :  miss
767:	| 18	| -1	| -1	| -1	| -1	| -1	| -1	| -1	|: page requested: 26 :  miss
768:	| 26	| -1	| -1	| -1	| -1	| -1	| -1	| -1	|: page requested: 3 :  miss
769:	| 3	| -1	| -1	| -1	| -1	| -1	| -1	| -1	|: page requested: 26 :  miss
770:	| 26	| -1	| -1	| -1	| -1	| -1	| -1	| -1	|: page requested: 26 :  hit
771:	| 26	| -1	| -1	| -1	| -1	| -1	| -1	| -1	|: page requested: 21 :  miss
772:	| 21	| -1	| -1	| -1	| -1	| -1	| -1	| -1	|: page requested: 26 :  miss
773:	| 26	| -1	| -1	| -1	| -1	| -1	| -1	| -1	|: page requested: 9 :  miss
774:	| 9	| -1	| -1	| -1	| -1	| -1	| -1	| -1	|: page requested: 26 :  miss
775:	| 26	| -1	| -1	| -1	| -1	| -1	| -1	| -1	|: page requested: 26 :  hit
776:	| 26	| -1	| -1	| -1	| -1	| -1	| -1	| -1	|: page requested: 26 :  hit
777:	| 26	| -1	| -1	| -1	| -1	| -1	| -1	| -1	|: page requested: 7 :  miss
778:	| 7	| -1	| -1	| -1	| -1	| -1	| -1	| -1	|: page requested: 26 :  miss
779:	| 26	| -1	| -1	| -1	| -1	| -1	| -1	| -1	|: page requested: 26 :  hit
780:	| 26	| -1	| -1	| -1	| -1	| -1	| -1	| -1	|: page requested: 27 :  miss
781:	| 27	| -1	| -1	| -1	| -1	| -1	| -1	| -1	|: page requested: 27 :  hit
782:	| 27	| -1	| -1	| -1	| -1	| -1	| -1	| -1	|: page requested: 26 :  miss
783:	| 26	| -1	| -1	| -1	| -1	| -1	| -1	| -1	|: page requested: 9 :  miss
784:	| 9	| -1	| -1	| -1	| -1	| -1	| -1	| -1	|: page requested: 20 :  miss
785:	| 20	| -1	| -1	| -1	| -1	| -1	| -1	| -1	|: page requested: 27 :  miss
786:	| 27	| -1	| -1	| -1	| -1	| -1	| -1	| -1	|: page requested: 27 :  hit
787:	| 27	| -1	| -1	| -1	| -1	| -1	| -1	| -1	|: page requested: 9 :  miss
788:	| 9	| -1	| -1	| -1	| -1	| -1	| -1	| -1	|: page requested: 20 :  miss
789:	| 20	| -1	| -1	| -1	| -1	| -1	| -1	| -1	|: page requested: 20 :  hit
790:	| 20	| -1	| -1	| -1	| -1	| -1	| -1	| -1	|: page requested: 9 :  miss
791:	| 9	| -1	| -1	| -1	| -1	| -1	| -1	| -1	|: page requested: 9 :  hit
792:	| 9	| -1	| -1	| -1	| -1	| -1	| -1	| -1	|: page requested: 6 :  miss
793:	| 6	| -1	| -1	| -1	| -1	| -1	| -1	| -1	|: page requested: 30 :  miss
794:	| 30	| -1	| -1	| -1	| -1	| -1	| -1	| -1	|: page requested: 6 :  miss
795:	| 6	| -1	| -1	| -1	| -1	| -1	| -1	| -1	|: page requested: 6 :  hit
796:	| 6	| -1	| -1	| -1	| -1	| -1	| -1	| -1	|: page requested: 30 :  miss
797:	| 30	| -1	| -1	| -1	| -1	| -1	| -1	| -1	|: page requested: 30 :  hit
798:	| 30	| -1	| -1	| -1	| -1	| -1	| -1	| -1	|: page requested: 30 :  hit
799:	| 30	| -1	| -1	| -1	| -1	| -1	| -1	| -1	|: page requested: 30 :  hit
800:	| 30	| -1	| -1	| -1	| -1	| -1	| -1	| -1	|: page requested: 6 :  miss
801:	| 6	| -1	| -1	| -1	| -1	| -1	| -1	| -1	|: page requested: 30 :  miss
802:	| 30	| -1	| -1	| -1	| -1	| -1	| -1	| -1	|: page requested: 6 :  miss
803:	| 6	| -1	| -1	| -1	| -1	| -1	| -1	| -1	|: page requested: 6 :  hit
804:	| 6	| -1	| -1	| -1	| -1	| -1	| -1	| -1	|: page requested: 30 :  miss
805:	| 30	| -1	| -1	| -1	| -1	| -1	| -1	| -1	|: page requested: 30 :  hit
806:	| 30	| -1	| -1	| -1	| -1	| -1	| -1	| -1	|: page requested: 4 :  miss
807:	| 4	| -1	| -1	| -1	| -1	| -1	| -1	| -1	|: page requested: 6 :  miss
808:	| 6	| -1	| -1	| -1	| -1	| -1	| -1	| -1	|: page requested: 4 :  miss
809:	| 4	| -1	| -1	| -1	| -1	| -1	| -1	| -1	|: page requested: 24 :  miss
810:	| 24	| -1	| -1	| -1	| -1	| -1	| -1	| -1	|: page requested: 29 :  miss
811:	| 29	| -1	| -1	| -1	| -1	| -1	| -1	| -1	|: page requested: 4 :  miss
812:	| 4	| -1	| -1	| -1	| -1	| -1	| -1	| -1	|: page requested: 24 :  miss
813:	| 24	| -1	| -1	| -1	| -1	| -1	| -1	| -1	|: page requested: 29 :  miss
814:	| 29	| -1	| -1	| -1	| -1	| -1	| -1	| -1	|: page requested: 24 :  miss
815:	| 24	| -1	| -1	| -1	| -1	| -1	| -1	| -1	|: page requested: 24 :  hit
816:	| 24	| -1	| -1	| -1	| -1	| -1	| -1	| -1	|: page requested: 24 :  hit
817:	| 24	| -1	| -1	| -1	| -1	| -1	| -1	| -1	|: page requested: 24 :  hit
818:	| 24	| -1	| -1	| -1	| -1	| -1	| -1	| -1	|: page requested: 24 :  hit
819:	| 24	| -1	| -1	| -1	| -1	| -1	| -1	| -1	|: page requested: 24 :  hit
820:	| 24	| -1	| -1	| -1	| -1	| -1	| -1	| -1	|: page requested: 24 :  hit
821:	| 24	| -1	| -1	| -1	| -1	| -1	| -1	| -1	|: page requested: 24 :  hit
822:	| 24	| -1	| -1	| -1	| -1	| -1	| -1	| -1	|: page requested: 12 :  miss
823:	| 12	| -1	| -1	| -1	| -1	| -1	| -1	| -1	|: page requested: 4 :  miss
824:	| 4	| -1	| -1	| -1	| -1	| -1	| -1	| -1	|: page requested: 24 :  miss
825:	| 24	| -1	| -1	| -1	| -1	| -1	| -1	| -1	|: page requested: 24 :  hit
826:	| 24	| -1	| -1	| -1	| -1	| -1	| -1	| -1	|: page requested: 12 :  miss
827:	| 12	| -1	| -1	| -1	| -1	| -1	| -1	| -1	|: page requested: 12 :  hit
828:	| 12	| -1	| -1	| -1	| -1	| -1	| -1	| -1	|: page requested: 12 :  hit
829:	| 12	| -1	| -1	| -1	| -1	| -1	| -1	| -1	|: page requested: 12 :  hit
830:	| 12	| -1	| -1	| -1	| -1	| -1	| -1	| -1	|: page requested: 12 :  hit
831:	| 12	| -1	| -1	| -1	| -1	| -1	| -1	| -1	|: page requested: 4 :  miss
832:	| 4	| -1	| -1	| -1	| -1	| -1	| -1	| -1	|: page requested: 4 :  hit
833:	| 4	| -1	| -1	| -1	| -1	| -1	| -1	| -1	|: page requested: 4 :  hit
834:	| 4	| -1	| -1	| -1	| -1	| -1	| -1	| -1	|: page requested: 11 :  miss
835:	| 11	| -1	| -1	| -1	| -1	| -1	| -1	| -1	|: page requested: 6 :  miss
836:	| 6	| -1	| -1	| -1	| -1	| -1	| -1	| -1	|: page requested: 4 :  miss
837:	| 4	| -1	| -1	| -1	| -1	| -1	| -1	| -1	|: page requested: 11 :  miss
838:	| 11	| -1	| -1	| -1	| -1	| -1	| -1	| -1	|: page requested: 21 :  miss
839:	| 21	| -1	| -1	| -1	| -1	| -1	| -1	| -1	|: page requested: 4 :  miss
840:	| 4	| -1	| -1	| -1	| -1	| -1	| -1	| -1	|: page requested: 25 :  miss
841:	| 25	| -1	| -1	| -1	| -1	| -1	| -1	| -1	|: page requested: 31 :  miss
842:	| 31	| -1	| -1	| -1	| -1	| -1	| -1	| -1	|: page requested: 31 :  hit
843:	| 31	| -1	| -1	| -1	| -1	| -1	| -1	| -1	|: page requested: 31 :  hit
844:	| 31	| -1	| -1	| -1	| -1	| -1	| -1	| -1	|: page requested: 31 :  hit
845:	| 31	| -1	| -1	| -1	| -1	| -1	| -1	| -1	|: page requested: 28 :  miss
846:	| 28	| -1	| -1	| -1	| -1	| -1	| -1	| -1	|: page requested: 31 :  miss
847:	| 31	| -1	| -1	| -1	| -1	| -1	| -1	| -1	|: page requested: 31 :  hit
848:	| 31	| -1	| -1	| -1	| -1	| -1	| -1	| -1	|: page requested: 25 :  miss
849:	| 25	| -1	| -1	| -1	| -1	| -1	| -1	| -1	|: page requested: 31 :  miss
850:	| 31	| -1	| -1	| -1	| -1	| -1	| -1	| -1	|: page requested: 0 :  miss
851:	| 0	| -1	| -1	| -1	| -1	| -1	| -1	| -1	|: page requested: 31 :  miss
852:	| 31	| -1	| -1	| -1	| -1	| -1	| -1	| -1	|: page requested: 31 :  hit
853:	| 31	| -1	| -1	| -1	| -1	| -1	| -1	| -1	|: page requested: 20 :  miss
854:	| 20	| -1	| -1	| -1	| -1	| -1	| -1	| -1	|: page requested: 0 :  miss
855:	| 0	| -1	| -1	| -1	| -1	| -1	| -1	| -1	|: page requested: 31 :  miss
856:	| 31	| -1	| -1	| -1	| -1	| -1	| -1	| -1	|: page requested: 20 :  miss
857:	| 20	| -1	| -1	| -1	| -1	| -1	| -1	| -1	|: page requested: 20 :  hit
858:	| 20	| -1	| -1	| -1	| -1	| -1	| -1	| -1	|: page requested: 20 :  hit
859:	| 20	| -1	| -1	| -1	| -1	| -1	| -1	| -1	|: page requested: 20 :  hit
860:	| 20	| -1	| -1	| -1	| -1	| -1	| -1	| -1	|: page requested: 20 :  hit
861:	| 20	| -1	| -1	| -1	| -1	| -1	| -1	| -1	|: page requested: 20 :  hit
862:	| 20	| -1	| -1	| -1	| -1	| -1	| -1	| -1	|: page requested: 15 :  miss
863:	| 15	| -1	| -1	| -1	| -1	| -1	| -1	| -1	|: page requested: 20 :  miss
864:	| 20	| -1	| -1	| -1	| -1	| -1	| -1	| -1	|: page requested: 20 :  hit
865:	| 20	| -1	| -1	| -1	| -1	| -1	| -1	| -1	|: page requested: 13 :  miss
866:	| 13	| -1	| -1	| -1	| -1	| -1	| -1	| -1	|: page requested: 20 :  miss
867:	| 20	| -1	| -1	| -1	| -1	| -1	| -1	| -1	|: page requested: 27 :  miss
868:	| 27	| -1	| -1	| -1	| -1	| -1	| -1	| -1	|: page requested: 20 :  miss
869:	| 20	| -1	| -1	| -1	| -1	| -1	| -1	| -1	|: page requested: 27 :  miss
870:	| 27	| -1	| -1	| -1	| -1	| -1	| -1	| -1	|: page requested: 13 :  miss
871:	| 13	| -1	| -1	| -1	| -1	| -1	| -1	| -1	|: page requested: 27 :  miss
872:	| 27	| -1	| -1	| -1	| -1	| -1	| -1	| -1	|: page requested: 13 :  miss
873:	| 13	| -1	| -1	| -1	| -1	| -1	| -1	| -1	|: page requested: 13 :  hit
874:	| 13	| -1	| -1	| -1	| -1	| -1	| -1	| -1	|: page requested: 20 :  miss
875:	| 20	| -1	| -1	| -1	| -1	| -1	| -1	| -1	|: page requested: 11 :  miss
876:	| 11	| -1	| -1	| -1	| -1	| -1	| -1	| -1	|: page requested: 13 :  miss
877:	| 13	| -1	| -1	| -1	| -1	| -1	| -1	| -1	|: page requested: 13 :  hit
878:	| 13	| -1	| -1	| -1	| -1	| -1	| -1	| -1	|: page requested: 20 :  miss
879:	| 20	| -1	| -1	| -1	| -1	| -1	| -1	| -1	|: page requested: 25 :  miss
880:	| 25	| -1	| -1	| -1	| -1	| -1	| -1	| -1	|: page requested: 11 :  miss
881:	| 11	| -1	| -1	| -1	| -1	| -1	| -1	| -1	|: page requested: 13 :  miss
882:	| 13	| -1	| -1	| -1	| -1	| -1	| -1	| -1	|: page requested: 11 :  miss
883:	| 11	| -1	| -1	| -1	| -1	| -1	| -1	| -1	|: page requested: 13 :  miss
884:	| 13	| -1	| -1	| -1	| -1	| -1	| -1	| -1	|: page requested: 22 :  miss
885:	| 22	| -1	| -1	| -1	| -1	| -1	| -1	| -1	|: page requested: 22 :  hit
886:	| 22	| -1	| -1	| -1	| -1	| -1	| -1	| -1	|: page requested: 13 :  miss
887:	| 13	| -1	| -1	| -1	| -1	| -1	| -1	| -1	|: page requested: 22 :  miss
888:	| 22	| -1	| -1	| -1	| -1	| -1	| -1	| -1	|: page requested: 8 :  miss
889:	| 8	| -1	| -1	| -1	| -1	| -1	| -1	| -1	|: page requested: 0 :  miss
890:	| 0	| -1	| -1	| -1	| -1	| -1	| -1	| -1	|: page requested: 13 :  miss
891:	| 13	| -1	| -1	| -1	| -1	| -1	| -1	| -1	|: page requested: 13 :  hit
892:	| 13	| -1	| -1	| -1	| -1	| -1	| -1	| -1	|: page requested: 0 :  miss
893:	| 0	| -1	| -1	| -1	| -1	| -1	| -1	| -1	|: page requested: 16 :  miss
894:	| 16	| -1	| -1	| -1	| -1	| -1	| -1	| -1	|: page requested: 13 :  miss
895:	| 13	| -1	| -1	| -1	| -1	| -1	| -1	| -1	|: page requested: 13 :  hit
896:	| 13	| -1	| -1	| -1	| -1	| -1	| -1	| -1	|: page requested: 0 :  miss
897:	| 0	| -1	| -1	| -1	| -1	| -1	| -1	| -1	|: page requested: 0 :  hit
898:	| 0	| -1	| -1	| -1	| -1	| -1	| -1	| -1	|: page requested: 13 :  miss
899:	| 13	| -1	| -1	| -1	| -1	| -1	| -1	| -1	|: page requested: 15 :  miss
900:	| 15	| -1	| -1	| -1	| -1	| -1	| -1	| -1	|: page requested: 0 :  miss
901:	| 0	| -1	| -1	| -1	| -1	| -1	| -1	| -1	|: page requested: 15 :  miss
902:	| 15	| -1	| -1	| -1	| -1	| -1	| -1	| -1	|: page requested: 0 :  miss
903:	| 0	| -1	| -1	| -1	| -1	| -1	| -1	| -1	|: page requested: 0 :  hit
904:	| 0	| -1	| -1	| -1	| -1	| -1	| -1	| -1	|: page requested: 15 :  miss
905:	| 15	| -1	| -1	| -1	| -1	| -1	| -1	| -1	|: page requested: 0 :  miss
906:	| 0	| -1	| -1	| -1	| -1	| -1	| -1	| -1	|: page requested: 15 :  miss
907:	| 15	| -1	| -1	| -1	| -1	| -1	| -1	| -1	|: page requested: 15 :  hit
908:	| 15	| -1	| -1	| -1	| -1	| -1	| -1	| -1	|: page requested: 25 :  miss
909:	| 25	| -1	| -1	| -1	| -1	| -1	| -1	| -1	|: page requested: 0 :  miss
910:	| 0	| -1	| -1	| -1	| -1	| -1	| -1	| -1	|: page requested: 0 :  hit
911:	| 0	| -1	| -1	| -1	| -1	| -1	| -1	| -1	|: page requested: 15 :  miss
912:	| 15	| -1	| -1	| -1	| -1	| -1	| -1	| -1	|: page requested: 25 :  miss
913:	| 25	| -1	| -1	| -1	| -1	| -1	| -1	| -1	|: page requested: 0 :  miss
914:	| 0	| -1	| -1	| -1	| -1	| -1	| -1	| -1	|: page requested: 25 :  miss
915:	| 25	| -1	| -1	| -1	| -1	| -1	| -1	| -1	|: page requested: 26 :  miss
916:	| 26	| -1	| -1	| -1	| -1	| -1	| -1	| -1	|: page requested: 0 :  miss
917:	| 0	| -1	| -1	| -1	| -1	| -1	| -1	| -1	|: page requested: 25 :  miss
918:	| 25	| -1	| -1	| -1	| -1	| -1	| -1	| -1	|: page requested: 25 :  hit
919:	| 25	| -1	| -1	| -1	| -1	| -1	| -1	| -1	|: page requested: 25 :  hit
920:	| 25	| -1	| -1	| -1	| -1	| -1	| -1	| -1	|: page requested: 26 :  miss
921:	| 26	| -1	| -1	| -1	| -1	| -1	| -1	| -1	|: page requested: 0 :  miss
922:	| 0	| -1	| -1	| -1	| -1	| -1	| -1	| -1	|: page requested: 25 :  miss
923:	| 25	| -1	| -1	| -1	| -1	| -1	| -1	| -1	|: page requested: 26 :  miss
924:	| 26	| -1	| -1	| -1	| -1	| -1	| -1	| -1	|: page requested: 25 :  miss
925:	| 25	| -1	| -1	| -1	| -1	| -1	| -1	| -1	|: page requested: 26 :  miss
926:	| 26	| -1	| -1	| -1	| -1	| -1	| -1	| -1	|: page requested: 23 :  miss
927:	| 23	| -1	| -1	| -1	| -1	| -1	| -1	| -1	|: page requested: 25 :  miss
928:	| 25	| -1	| -1	| -1	| -1	| -1	| -1	| -1	|: page requested: 19 :  miss
929:	| 19	| -1	| -1	| -1	| -1	| -1	| -1	| -1	|: page requested: 26 :  miss
930:	| 26	| -1	| -1	| -1	| -1	| -1	| -1	| -1	|: page requested: 0 :  miss
931:	| 0	| -1	| -1	| -1	| -1	| -1	| -1	| -1	|: page requested: 23 :  miss
932:	| 23	| -1	| -1	| -1	| -1	| -1	| -1	| -1	|: page requested: 25 :  miss
933:	| 25	| -1	| -1	| -1	| -1	| -1	| -1	| -1	|: page requested: 23 :  miss
934:	| 23	| -1	| -1	| -1	| -1	| -1	| -1	| -1	|: page requested: 23 :  hit
935:	| 23	| -1	| -1	| -1	| -1	| -1	| -1	| -1	|: page requested: 29 :  miss
936:	| 29	| -1	| -1	| -1	| -1	| -1	| -1	| -1	|: page requested: 23 :  miss
937:	| 23	| -1	| -1	| -1	| -1	| -1	| -1	| -1	|: page requested: 23 :  hit
938:	| 23	| -1	| -1	| -1	| -1	| -1	| -1	| -1	|: page requested: 23 :  hit
939:	| 23	| -1	| -1	| -1	| -1	| -1	| -1	| -1	|: page requested: 23 :  hit
940:	| 23	| -1	| -1	| -1	| -1	| -1	| -1	| -1	|: page requested: 23 :  hit
941:	| 23	| -1	| -1	| -1	| -1	| -1	| -1	| -1	|: page requested: 2 :  miss
942:	| 2	| -1	| -1	| -1	| -1	| -1	| -1	| -1	|: page requested: 23 :  miss
943:	| 23	| -1	| -1	| -1	| -1	| -1	| -1	| -1	|: page requested: 23 :  hit
944:	| 23	| -1	| -1	| -1	| -1	| -1	| -1	| -1	|: page requested: 23 :  hit
945:	| 23	| -1	| -1	| -1	| -1	| -1	| -1	| -1	|: page requested: 23 :  hit
946:	| 23	| -1	| -1	| -1	| -1	| -1	| -1	| -1	|: page requested: 23 :  hit
947:	| 23	| -1	| -1	| -1	| -1	| -1	| -1	| -1	|: page requested: 23 :  hit
948:	| 23	| -1	| -1	| -1	| -1	| -1	| -1	| -1	|: page requested: 23 :  hit
949:	| 23	| -1	| -1	| -1	| -1	| -1	| -1	| -1	|: page requested: 23 :  hit
950:	| 23	| -1	| -1	| -1	| -1	| -1	| -1	| -1	|: page requested: 23 :  hit
951:	| 23	| -1	| -1	| -1	| -1	| -1	| -1	| -1	|: page requested: 23 :  hit
952:	| 23	| -1	| -1	| -1	| -1	| -1	| -1	| -1	|: page requested: 4 :  miss
953:	| 4	| -1	| -1	| -1	| -1	| -1	| -1	| -1	|: page requested: 4 :  hit
954:	| 4	| -1	| -1	| -1	| -1	| -1	| -1	| -1	|: page requested: 4 :  hit
955:	| 4	| -1	| -1	| -1	| -1	| -1	| -1	| -1	|: page requested: 23 :  miss
956:	| 23	| -1	| -1	| -1	| -1	| -1	| -1	| -1	|: page requested: 4 :  miss
957:	| 4	| -1	| -1	| -1	| -1	| -1	| -1	| -1	|: page requested: 4 :  hit
958:	| 4	| -1	| -1	| -1	| -1	| -1	| -1	| -1	|: page requested: 23 :  miss
959:	| 23	| -1	| -1	| -1	| -1	| -1	| -1	| -1	|: page requested: 4 :  miss
960:	| 4	| -1	| -1	| -1	| -1	| -1	| -1	| -1	|: page requested: 4 :  hit
961:	| 4	| -1	| -1	| -1	| -1	| -1	| -1	| -1	|: page requested: 23 :  miss
962:	| 23	| -1	| -1	| -1	| -1	| -1	| -1	| -1	|: page requested: 4 :  miss
963:	| 4	| -1	| -1	| -1	| -1	| -1	| -1	| -1	|: page requested: 23 :  miss
964:	| 23	| -1	| -1	| -1	| -1	| -1	| -1	| -1	|: page requested: 23 :  hit
965:	| 23	| -1	| -1	| -1	| -1	| -1	| -1	| -1	|: page requested: 4 :  miss
966:	| 4	| -1	| -1	| -1	| -1	| -1	| -1	| -1	|: page requested: 4 :  hit
967:	| 4	| -1	| -1	| -1	| -1	| -1	| -1	| -1	|: page requested: 23 :  miss
968:	| 23	| -1	| -1	| -1	| -1	| -1	| -1	| -1	|: page requested: 23 :  hit
969:	| 23	| -1	| -1	| -1	| -1	| -1	| -1	| -1	|: page requested: 23 :  hit
970:	| 23	| -1	| -1	| -1	| -1	| -1	| -1	| -1	|: page requested: 20 :  miss
971:	| 20	| -1	| -1	| -1	| -1	| -1	| -1	| -1	|: page requested: 22 :  miss
972:	| 22	| -1	| -1	| -1	| -1	| -1	| -1	| -1	|: page requested: 20 :  miss
973:	| 20	| -1	| -1	| -1	| -1	| -1	| -1	| -1	|: page requested: 24 :  miss
974:	| 24	| -1	| -1	| -1	| -1	| -1	| -1	| -1	|: page requested: 20 :  miss
975:	| 20	| -1	| -1	| -1	| -1	| -1	| -1	| -1	|: page requested: 20 :  hit
976:	| 20	| -1	| -1	| -1	| -1	| -1	| -1	| -1	|: page requested: 24 :  miss
977:	| 24	| -1	| -1	| -1	| -1	| -1	| -1	| -1	|: page requested: 9 :  miss
978:	| 9	| -1	| -1	| -1	| -1	| -1	| -1	| -1	|: page requested: 24 :  miss
979:	| 24	| -1	| -1	| -1	| -1	| -1	| -1	| -1	|: page requested: 9 :  miss
980:	| 9	| -1	| -1	| -1	| -1	| -1	| -1	| -1	|: page requested: 20 :  miss
981:	| 20	| -1	| -1	| -1	| -1	| -1	| -1	| -1	|: page requested: 4 :  miss
982:	| 4	| -1	| -1	| -1	| -1	| -1	| -1	| -1	|: page requested: 4 :  hit
983:	| 4	| -1	| -1	| -1	| -1	| -1	| -1	| -1	|: page requested: 4 :  hit
984:	| 4	| -1	| -1	| -1	| -1	| -1	| -1	| -1	|: page requested: 9 :  miss
985:	| 9	| -1	| -1	| -1	| -1	| -1	| -1	| -1	|: page requested: 9 :  hit
986:	| 9	| -1	| -1	| -1	| -1	| -1	| -1	| -1	|: page requested: 9 :  hit
987:	| 9	| -1	| -1	| -1	| -1	| -1	| -1	| -1	|: page requested: 1 :  miss
988:	| 1	| -1	| -1	| -1	| -1	| -1	| -1	| -1	|: page requested: 13 :  miss
989:	| 13	| -1	| -1	| -1	| -1	| -1	| -1	| -1	|: page requested: 9 :  miss
990:	| 9	| -1	| -1	| -1	| -1	| -1	| -1	| -1	|: page requested: 2 :  miss
991:	| 2	| -1	| -1	| -1	| -1	| -1	| -1	| -1	|: page requested: 9 :  miss
992:	| 9	| -1	| -1	| -1	| -1	| -1	| -1	| -1	|: page requested: 1 :  miss
993:	| 1	| -1	| -1	| -1	| -1	| -1	| -1	| -1	|: page requested: 25 :  miss
994:	| 25	| -1	| -1	| -1	| -1	| -1	| -1	| -1	|: page requested: 9 :  miss
995:	| 9	| -1	| -1	| -1	| -1	| -1	| -1	| -1	|: page requested: 25 :  miss
996:	| 25	| -1	| -1	| -1	| -1	| -1	| -1	| -1	|: page requested: 1 :  miss
997:	| 1	| -1	| -1	| -1	| -1	| -1	| -1	| -1	|: page requested: 29 :  miss
998:	| 29	| -1	| -1	| -1	| -1	| -1	| -1	| -1	|: page requested: 25 :  miss
999:	| 25	| -1	| -1	| -1	| -1	| -1	| -1	| -1	|: page requested: 25 :  hit
Of the 1000 memory access requests, 546 were misses, making it a hit rate of 0.454000
